{"C:\\Users\\hp\\Downloads\\autoflow-v2-updated\\autoflow\\server\\src\\app.ts": {"path":"C:\\Users\\hp\\Downloads\\autoflow-v2-updated\\autoflow\\server\\src\\app.ts","statementMap":{"0":{"start":{"line":1,"column":0},"end":{"line":1,"column":30}},"1":{"start":{"line":2,"column":0},"end":{"line":2,"column":28}},"2":{"start":{"line":3,"column":0},"end":{"line":3,"column":37}},"3":{"start":{"line":4,"column":0},"end":{"line":4,"column":24}},"4":{"start":{"line":5,"column":0},"end":{"line":5,"column":28}},"5":{"start":{"line":6,"column":0},"end":{"line":6,"column":28}},"6":{"start":{"line":7,"column":0},"end":{"line":7,"column":24}},"7":{"start":{"line":8,"column":0},"end":{"line":8,"column":20}},"8":{"start":{"line":11,"column":0},"end":{"line":11,"column":51}},"9":{"start":{"line":12,"column":0},"end":{"line":12,"column":45}},"10":{"start":{"line":13,"column":0},"end":{"line":13,"column":49}},"11":{"start":{"line":14,"column":0},"end":{"line":14,"column":45}},"12":{"start":{"line":15,"column":0},"end":{"line":15,"column":45}},"13":{"start":{"line":16,"column":0},"end":{"line":16,"column":61}},"14":{"start":{"line":18,"column":0},"end":{"line":18,"column":16}},"15":{"start":{"line":20,"column":12},"end":{"line":20,"column":21}},"16":{"start":{"line":21,"column":0},"end":{"line":21,"column":41}},"17":{"start":{"line":22,"column":0},"end":{"line":22,"column":75}},"18":{"start":{"line":23,"column":0},"end":{"line":23,"column":26}},"19":{"start":{"line":24,"column":0},"end":{"line":24,"column":44}},"20":{"start":{"line":25,"column":0},"end":{"line":25,"column":67}},"21":{"start":{"line":26,"column":0},"end":{"line":26,"column":16}},"22":{"start":{"line":28,"column":19},"end":{"line":28,"column":53}},"23":{"start":{"line":29,"column":0},"end":{"line":29,"column":78}},"24":{"start":{"line":29,"column":32},"end":{"line":29,"column":78}},"25":{"start":{"line":30,"column":0},"end":{"line":30,"column":48}},"26":{"start":{"line":32,"column":18},"end":{"line":32,"column":61}},"27":{"start":{"line":33,"column":0},"end":{"line":33,"column":46}},"28":{"start":{"line":35,"column":0},"end":{"line":35,"column":71}},"29":{"start":{"line":35,"column":28},"end":{"line":35,"column":69}},"30":{"start":{"line":37,"column":0},"end":{"line":37,"column":41}},"31":{"start":{"line":38,"column":0},"end":{"line":38,"column":38}},"32":{"start":{"line":39,"column":0},"end":{"line":39,"column":40}},"33":{"start":{"line":40,"column":0},"end":{"line":40,"column":38}},"34":{"start":{"line":41,"column":0},"end":{"line":41,"column":38}},"35":{"start":{"line":42,"column":0},"end":{"line":42,"column":46}},"36":{"start":{"line":44,"column":0},"end":{"line":44,"column":19}}},"fnMap":{"0":{"name":"(anonymous_1)","decl":{"start":{"line":35,"column":13},"end":{"line":35,"column":14}},"loc":{"start":{"line":35,"column":28},"end":{"line":35,"column":69}}}},"branchMap":{"0":{"loc":{"start":{"line":29,"column":0},"end":{"line":29,"column":78}},"type":"if","locations":[{"start":{"line":29,"column":0},"end":{"line":29,"column":78}},{"start":{},"end":{}}]}},"s":{"0":1,"1":1,"2":1,"3":1,"4":1,"5":1,"6":1,"7":1,"8":1,"9":1,"10":1,"11":1,"12":1,"13":1,"14":1,"15":1,"16":1,"17":1,"18":1,"19":1,"20":1,"21":1,"22":1,"23":1,"24":0,"25":1,"26":1,"27":1,"28":1,"29":0,"30":1,"31":1,"32":1,"33":1,"34":1,"35":1,"36":1},"f":{"0":0},"b":{"0":[0,1]}}
,"C:\\Users\\hp\\Downloads\\autoflow-v2-updated\\autoflow\\server\\src\\controllers\\notificationController.ts": {"path":"C:\\Users\\hp\\Downloads\\autoflow-v2-updated\\autoflow\\server\\src\\controllers\\notificationController.ts","statementMap":{"0":{"start":{"line":2,"column":0},"end":{"line":2,"column":46}},"1":{"start":{"line":4,"column":15},"end":{"line":4,"column":33}},"2":{"start":{"line":7,"column":32},"end":{"line":19,"column":2}},"3":{"start":{"line":7,"column":85},"end":{"line":19,"column":2}},"4":{"start":{"line":8,"column":21},"end":{"line":8,"column":31}},"5":{"start":{"line":9,"column":2},"end":{"line":18,"column":3}},"6":{"start":{"line":10,"column":26},"end":{"line":14,"column":6}},"7":{"start":{"line":15,"column":4},"end":{"line":15,"column":28}},"8":{"start":{"line":17,"column":4},"end":{"line":17,"column":90}},"9":{"start":{"line":7,"column":13},"end":{"line":7,"column":32}},"10":{"start":{"line":22,"column":35},"end":{"line":33,"column":2}},"11":{"start":{"line":22,"column":88},"end":{"line":33,"column":2}},"12":{"start":{"line":23,"column":2},"end":{"line":32,"column":3}},"13":{"start":{"line":24,"column":26},"end":{"line":28,"column":6}},"14":{"start":{"line":29,"column":4},"end":{"line":29,"column":28}},"15":{"start":{"line":31,"column":4},"end":{"line":31,"column":94}},"16":{"start":{"line":22,"column":13},"end":{"line":22,"column":35}},"17":{"start":{"line":36,"column":26},"end":{"line":47,"column":2}},"18":{"start":{"line":36,"column":79},"end":{"line":47,"column":2}},"19":{"start":{"line":37,"column":17},"end":{"line":37,"column":27}},"20":{"start":{"line":38,"column":2},"end":{"line":46,"column":3}},"21":{"start":{"line":39,"column":20},"end":{"line":42,"column":6}},"22":{"start":{"line":43,"column":4},"end":{"line":43,"column":22}},"23":{"start":{"line":45,"column":4},"end":{"line":45,"column":94}},"24":{"start":{"line":36,"column":13},"end":{"line":36,"column":26}},"25":{"start":{"line":50,"column":29},"end":{"line":61,"column":2}},"26":{"start":{"line":50,"column":82},"end":{"line":61,"column":2}},"27":{"start":{"line":51,"column":21},"end":{"line":51,"column":31}},"28":{"start":{"line":52,"column":2},"end":{"line":60,"column":3}},"29":{"start":{"line":53,"column":4},"end":{"line":56,"column":7}},"30":{"start":{"line":57,"column":4},"end":{"line":57,"column":62}},"31":{"start":{"line":59,"column":4},"end":{"line":59,"column":99}},"32":{"start":{"line":50,"column":13},"end":{"line":50,"column":29}},"33":{"start":{"line":64,"column":34},"end":{"line":74,"column":2}},"34":{"start":{"line":64,"column":87},"end":{"line":74,"column":2}},"35":{"start":{"line":65,"column":49},"end":{"line":65,"column":57}},"36":{"start":{"line":66,"column":2},"end":{"line":73,"column":3}},"37":{"start":{"line":67,"column":25},"end":{"line":69,"column":6}},"38":{"start":{"line":70,"column":4},"end":{"line":70,"column":39}},"39":{"start":{"line":72,"column":4},"end":{"line":72,"column":87}},"40":{"start":{"line":64,"column":13},"end":{"line":64,"column":34}},"41":{"start":{"line":77,"column":34},"end":{"line":85,"column":2}},"42":{"start":{"line":77,"column":87},"end":{"line":85,"column":2}},"43":{"start":{"line":78,"column":17},"end":{"line":78,"column":27}},"44":{"start":{"line":79,"column":2},"end":{"line":84,"column":3}},"45":{"start":{"line":80,"column":4},"end":{"line":80,"column":68}},"46":{"start":{"line":81,"column":4},"end":{"line":81,"column":50}},"47":{"start":{"line":83,"column":4},"end":{"line":83,"column":87}},"48":{"start":{"line":77,"column":13},"end":{"line":77,"column":34}}},"fnMap":{"0":{"name":"(anonymous_7)","decl":{"start":{"line":7,"column":32},"end":{"line":7,"column":39}},"loc":{"start":{"line":7,"column":85},"end":{"line":19,"column":2}}},"1":{"name":"(anonymous_8)","decl":{"start":{"line":7,"column":85},"end":{"line":7,"column":null}},"loc":{"start":{"line":7,"column":85},"end":{"line":19,"column":1}}},"2":{"name":"(anonymous_9)","decl":{"start":{"line":22,"column":35},"end":{"line":22,"column":42}},"loc":{"start":{"line":22,"column":88},"end":{"line":33,"column":2}}},"3":{"name":"(anonymous_10)","decl":{"start":{"line":22,"column":88},"end":{"line":22,"column":null}},"loc":{"start":{"line":22,"column":88},"end":{"line":33,"column":1}}},"4":{"name":"(anonymous_11)","decl":{"start":{"line":36,"column":26},"end":{"line":36,"column":33}},"loc":{"start":{"line":36,"column":79},"end":{"line":47,"column":2}}},"5":{"name":"(anonymous_12)","decl":{"start":{"line":36,"column":79},"end":{"line":36,"column":null}},"loc":{"start":{"line":36,"column":79},"end":{"line":47,"column":1}}},"6":{"name":"(anonymous_13)","decl":{"start":{"line":50,"column":29},"end":{"line":50,"column":36}},"loc":{"start":{"line":50,"column":82},"end":{"line":61,"column":2}}},"7":{"name":"(anonymous_14)","decl":{"start":{"line":50,"column":82},"end":{"line":50,"column":null}},"loc":{"start":{"line":50,"column":82},"end":{"line":61,"column":1}}},"8":{"name":"(anonymous_15)","decl":{"start":{"line":64,"column":34},"end":{"line":64,"column":41}},"loc":{"start":{"line":64,"column":87},"end":{"line":74,"column":2}}},"9":{"name":"(anonymous_16)","decl":{"start":{"line":64,"column":87},"end":{"line":64,"column":null}},"loc":{"start":{"line":64,"column":87},"end":{"line":74,"column":1}}},"10":{"name":"(anonymous_17)","decl":{"start":{"line":77,"column":34},"end":{"line":77,"column":41}},"loc":{"start":{"line":77,"column":87},"end":{"line":85,"column":2}}},"11":{"name":"(anonymous_18)","decl":{"start":{"line":77,"column":87},"end":{"line":77,"column":null}},"loc":{"start":{"line":77,"column":87},"end":{"line":85,"column":1}}}},"branchMap":{"0":{"loc":{"start":{"line":68,"column":60},"end":{"line":68,"column":74}},"type":"binary-expr","locations":[{"start":{"line":68,"column":60},"end":{"line":68,"column":64}},{"start":{"line":68,"column":68},"end":{"line":68,"column":74}}]}},"s":{"0":1,"1":1,"2":1,"3":1,"4":1,"5":1,"6":1,"7":1,"8":0,"9":1,"10":1,"11":1,"12":1,"13":1,"14":1,"15":0,"16":1,"17":1,"18":1,"19":1,"20":1,"21":1,"22":1,"23":0,"24":1,"25":1,"26":1,"27":1,"28":1,"29":1,"30":1,"31":0,"32":1,"33":1,"34":1,"35":1,"36":1,"37":1,"38":1,"39":0,"40":1,"41":1,"42":1,"43":1,"44":1,"45":1,"46":1,"47":0,"48":1},"f":{"0":1,"1":1,"2":1,"3":1,"4":1,"5":1,"6":1,"7":1,"8":1,"9":1,"10":1,"11":1},"b":{"0":[1,0]}}
,"C:\\Users\\hp\\Downloads\\autoflow-v2-updated\\autoflow\\server\\src\\controllers\\projectController.ts": {"path":"C:\\Users\\hp\\Downloads\\autoflow-v2-updated\\autoflow\\server\\src\\controllers\\projectController.ts","statementMap":{"0":{"start":{"line":2,"column":0},"end":{"line":2,"column":46}},"1":{"start":{"line":4,"column":15},"end":{"line":4,"column":33}},"2":{"start":{"line":7,"column":27},"end":{"line":14,"column":2}},"3":{"start":{"line":7,"column":80},"end":{"line":14,"column":2}},"4":{"start":{"line":8,"column":2},"end":{"line":13,"column":3}},"5":{"start":{"line":9,"column":21},"end":{"line":9,"column":52}},"6":{"start":{"line":10,"column":4},"end":{"line":10,"column":23}},"7":{"start":{"line":12,"column":4},"end":{"line":12,"column":85}},"8":{"start":{"line":7,"column":13},"end":{"line":7,"column":27}},"9":{"start":{"line":17,"column":26},"end":{"line":32,"column":2}},"10":{"start":{"line":17,"column":79},"end":{"line":32,"column":2}},"11":{"start":{"line":18,"column":17},"end":{"line":18,"column":27}},"12":{"start":{"line":19,"column":2},"end":{"line":31,"column":3}},"13":{"start":{"line":20,"column":20},"end":{"line":23,"column":6}},"14":{"start":{"line":24,"column":4},"end":{"line":27,"column":5}},"15":{"start":{"line":25,"column":6},"end":{"line":25,"column":61}},"16":{"start":{"line":26,"column":6},"end":{"line":26,"column":13}},"17":{"start":{"line":28,"column":4},"end":{"line":28,"column":22}},"18":{"start":{"line":30,"column":4},"end":{"line":30,"column":84}},"19":{"start":{"line":17,"column":13},"end":{"line":17,"column":26}},"20":{"start":{"line":35,"column":29},"end":{"line":52,"column":2}},"21":{"start":{"line":35,"column":82},"end":{"line":52,"column":2}},"22":{"start":{"line":36,"column":74},"end":{"line":36,"column":82}},"23":{"start":{"line":37,"column":2},"end":{"line":51,"column":3}},"24":{"start":{"line":38,"column":23},"end":{"line":47,"column":6}},"25":{"start":{"line":48,"column":4},"end":{"line":48,"column":37}},"26":{"start":{"line":50,"column":4},"end":{"line":50,"column":82}},"27":{"start":{"line":35,"column":13},"end":{"line":35,"column":29}},"28":{"start":{"line":55,"column":29},"end":{"line":74,"column":2}},"29":{"start":{"line":55,"column":82},"end":{"line":74,"column":2}},"30":{"start":{"line":56,"column":46},"end":{"line":56,"column":56}},"31":{"start":{"line":57,"column":74},"end":{"line":57,"column":82}},"32":{"start":{"line":58,"column":2},"end":{"line":73,"column":3}},"33":{"start":{"line":59,"column":20},"end":{"line":69,"column":6}},"34":{"start":{"line":70,"column":4},"end":{"line":70,"column":22}},"35":{"start":{"line":72,"column":4},"end":{"line":72,"column":82}},"36":{"start":{"line":55,"column":13},"end":{"line":55,"column":29}},"37":{"start":{"line":77,"column":29},"end":{"line":94,"column":2}},"38":{"start":{"line":77,"column":82},"end":{"line":94,"column":2}},"39":{"start":{"line":78,"column":22},"end":{"line":78,"column":32}},"40":{"start":{"line":79,"column":22},"end":{"line":79,"column":32}},"41":{"start":{"line":80,"column":2},"end":{"line":93,"column":3}},"42":{"start":{"line":81,"column":18},"end":{"line":81,"column":70}},"43":{"start":{"line":82,"column":4},"end":{"line":86,"column":5}},"44":{"start":{"line":83,"column":6},"end":{"line":83,"column":77}},"45":{"start":{"line":84,"column":6},"end":{"line":84,"column":77}},"46":{"start":{"line":85,"column":6},"end":{"line":85,"column":77}},"47":{"start":{"line":87,"column":4},"end":{"line":87,"column":66}},"48":{"start":{"line":88,"column":4},"end":{"line":88,"column":66}},"49":{"start":{"line":89,"column":4},"end":{"line":89,"column":70}},"50":{"start":{"line":90,"column":4},"end":{"line":90,"column":45}},"51":{"start":{"line":92,"column":4},"end":{"line":92,"column":82}},"52":{"start":{"line":77,"column":13},"end":{"line":77,"column":29}}},"fnMap":{"0":{"name":"(anonymous_7)","decl":{"start":{"line":7,"column":27},"end":{"line":7,"column":34}},"loc":{"start":{"line":7,"column":80},"end":{"line":14,"column":2}}},"1":{"name":"(anonymous_8)","decl":{"start":{"line":7,"column":80},"end":{"line":7,"column":null}},"loc":{"start":{"line":7,"column":80},"end":{"line":14,"column":1}}},"2":{"name":"(anonymous_9)","decl":{"start":{"line":17,"column":26},"end":{"line":17,"column":33}},"loc":{"start":{"line":17,"column":79},"end":{"line":32,"column":2}}},"3":{"name":"(anonymous_10)","decl":{"start":{"line":17,"column":79},"end":{"line":17,"column":null}},"loc":{"start":{"line":17,"column":79},"end":{"line":32,"column":1}}},"4":{"name":"(anonymous_11)","decl":{"start":{"line":35,"column":29},"end":{"line":35,"column":36}},"loc":{"start":{"line":35,"column":82},"end":{"line":52,"column":2}}},"5":{"name":"(anonymous_12)","decl":{"start":{"line":35,"column":82},"end":{"line":35,"column":null}},"loc":{"start":{"line":35,"column":82},"end":{"line":52,"column":1}}},"6":{"name":"(anonymous_13)","decl":{"start":{"line":55,"column":29},"end":{"line":55,"column":36}},"loc":{"start":{"line":55,"column":82},"end":{"line":74,"column":2}}},"7":{"name":"(anonymous_14)","decl":{"start":{"line":55,"column":82},"end":{"line":55,"column":null}},"loc":{"start":{"line":55,"column":82},"end":{"line":74,"column":1}}},"8":{"name":"(anonymous_15)","decl":{"start":{"line":77,"column":29},"end":{"line":77,"column":36}},"loc":{"start":{"line":77,"column":82},"end":{"line":94,"column":2}}},"9":{"name":"(anonymous_16)","decl":{"start":{"line":77,"column":82},"end":{"line":77,"column":null}},"loc":{"start":{"line":77,"column":82},"end":{"line":94,"column":1}}}},"branchMap":{"0":{"loc":{"start":{"line":24,"column":4},"end":{"line":27,"column":5}},"type":"if","locations":[{"start":{"line":24,"column":4},"end":{"line":27,"column":5}},{"start":{},"end":{}}]},"1":{"loc":{"start":{"line":44,"column":19},"end":{"line":44,"column":62}},"type":"cond-expr","locations":[{"start":{"line":44,"column":31},"end":{"line":44,"column":50}},{"start":{"line":44,"column":53},"end":{"line":44,"column":62}}]},"2":{"loc":{"start":{"line":45,"column":19},"end":{"line":45,"column":62}},"type":"cond-expr","locations":[{"start":{"line":45,"column":31},"end":{"line":45,"column":48}},{"start":{"line":45,"column":53},"end":{"line":45,"column":62}}]},"3":{"loc":{"start":{"line":66,"column":19},"end":{"line":66,"column":62}},"type":"cond-expr","locations":[{"start":{"line":66,"column":31},"end":{"line":66,"column":50}},{"start":{"line":66,"column":53},"end":{"line":66,"column":62}}]},"4":{"loc":{"start":{"line":67,"column":19},"end":{"line":67,"column":62}},"type":"cond-expr","locations":[{"start":{"line":67,"column":31},"end":{"line":67,"column":48}},{"start":{"line":67,"column":53},"end":{"line":67,"column":62}}]}},"s":{"0":1,"1":1,"2":1,"3":1,"4":1,"5":1,"6":1,"7":0,"8":1,"9":1,"10":2,"11":2,"12":2,"13":2,"14":2,"15":1,"16":1,"17":1,"18":0,"19":1,"20":1,"21":1,"22":1,"23":1,"24":1,"25":1,"26":0,"27":1,"28":1,"29":1,"30":1,"31":1,"32":1,"33":1,"34":1,"35":0,"36":1,"37":1,"38":1,"39":1,"40":1,"41":1,"42":1,"43":1,"44":0,"45":0,"46":0,"47":1,"48":1,"49":1,"50":1,"51":0,"52":1},"f":{"0":1,"1":1,"2":2,"3":2,"4":1,"5":1,"6":1,"7":1,"8":1,"9":1},"b":{"0":[1,1],"1":[1,0],"2":[1,0],"3":[0,1],"4":[0,1]}}
,"C:\\Users\\hp\\Downloads\\autoflow-v2-updated\\autoflow\\server\\src\\controllers\\searchController.ts": {"path":"C:\\Users\\hp\\Downloads\\autoflow-v2-updated\\autoflow\\server\\src\\controllers\\searchController.ts","statementMap":{"0":{"start":{"line":2,"column":0},"end":{"line":2,"column":46}},"1":{"start":{"line":4,"column":15},"end":{"line":4,"column":33}},"2":{"start":{"line":6,"column":22},"end":{"line":38,"column":2}},"3":{"start":{"line":6,"column":75},"end":{"line":38,"column":2}},"4":{"start":{"line":7,"column":20},"end":{"line":7,"column":29}},"5":{"start":{"line":8,"column":2},"end":{"line":37,"column":3}},"6":{"start":{"line":9,"column":18},"end":{"line":16,"column":6}},"7":{"start":{"line":18,"column":21},"end":{"line":25,"column":6}},"8":{"start":{"line":27,"column":18},"end":{"line":31,"column":6}},"9":{"start":{"line":32,"column":4},"end":{"line":32,"column":41}},"10":{"start":{"line":34,"column":4},"end":{"line":36,"column":70}},"11":{"start":{"line":6,"column":13},"end":{"line":6,"column":22}}},"fnMap":{"0":{"name":"(anonymous_7)","decl":{"start":{"line":6,"column":22},"end":{"line":6,"column":29}},"loc":{"start":{"line":6,"column":75},"end":{"line":38,"column":2}}},"1":{"name":"(anonymous_8)","decl":{"start":{"line":6,"column":75},"end":{"line":6,"column":null}},"loc":{"start":{"line":6,"column":75},"end":{"line":38,"column":1}}}},"branchMap":{},"s":{"0":1,"1":1,"2":1,"3":4,"4":4,"5":4,"6":4,"7":4,"8":4,"9":4,"10":0,"11":1},"f":{"0":4,"1":4},"b":{}}
,"C:\\Users\\hp\\Downloads\\autoflow-v2-updated\\autoflow\\server\\src\\controllers\\taskController.ts": {"path":"C:\\Users\\hp\\Downloads\\autoflow-v2-updated\\autoflow\\server\\src\\controllers\\taskController.ts","statementMap":{"0":{"start":{"line":37,"column":0},"end":{"line":37,"column":22}},"1":{"start":{"line":128,"column":0},"end":{"line":128,"column":22}},"2":{"start":{"line":2,"column":0},"end":{"line":2,"column":46}},"3":{"start":{"line":3,"column":0},"end":{"line":3,"column":24}},"4":{"start":{"line":5,"column":15},"end":{"line":5,"column":33}},"5":{"start":{"line":8,"column":49},"end":{"line":14,"column":2}},"6":{"start":{"line":18,"column":2},"end":{"line":33,"column":16}},"7":{"start":{"line":19,"column":23},"end":{"line":19,"column":50}},"8":{"start":{"line":20,"column":4},"end":{"line":20,"column":28}},"9":{"start":{"line":20,"column":21},"end":{"line":20,"column":28}},"10":{"start":{"line":21,"column":17},"end":{"line":21,"column":40}},"11":{"start":{"line":22,"column":16},"end":{"line":22,"column":35}},"12":{"start":{"line":23,"column":20},"end":{"line":29,"column":6}},"13":{"start":{"line":30,"column":16},"end":{"line":30,"column":37}},"14":{"start":{"line":31,"column":4},"end":{"line":31,"column":20}},"15":{"start":{"line":32,"column":4},"end":{"line":32,"column":14}},"16":{"start":{"line":38,"column":21},"end":{"line":38,"column":83}},"17":{"start":{"line":39,"column":15},"end":{"line":39,"column":66}},"18":{"start":{"line":40,"column":19},"end":{"line":40,"column":48}},"19":{"start":{"line":41,"column":20},"end":{"line":41,"column":34}},"20":{"start":{"line":42,"column":2},"end":{"line":42,"column":65}},"21":{"start":{"line":47,"column":2},"end":{"line":47,"column":101}},"22":{"start":{"line":47,"column":52},"end":{"line":47,"column":99}},"23":{"start":{"line":47,"column":79},"end":{"line":47,"column":98}},"24":{"start":{"line":48,"column":2},"end":{"line":48,"column":71}},"25":{"start":{"line":48,"column":50},"end":{"line":48,"column":69}},"26":{"start":{"line":49,"column":2},"end":{"line":49,"column":68}},"27":{"start":{"line":49,"column":47},"end":{"line":49,"column":66}},"28":{"start":{"line":50,"column":2},"end":{"line":50,"column":38}},"29":{"start":{"line":51,"column":2},"end":{"line":51,"column":21}},"30":{"start":{"line":53,"column":23},"end":{"line":53,"column":53}},"31":{"start":{"line":54,"column":24},"end":{"line":54,"column":43}},"32":{"start":{"line":57,"column":19},"end":{"line":57,"column":31}},"33":{"start":{"line":58,"column":4},"end":{"line":62,"column":5}},"34":{"start":{"line":58,"column":17},"end":{"line":58,"column":18}},"35":{"start":{"line":59,"column":16},"end":{"line":59,"column":29}},"36":{"start":{"line":60,"column":6},"end":{"line":60,"column":72}},"37":{"start":{"line":60,"column":19},"end":{"line":60,"column":20}},"38":{"start":{"line":60,"column":34},"end":{"line":60,"column":72}},"39":{"start":{"line":61,"column":6},"end":{"line":61,"column":36}},"40":{"start":{"line":63,"column":14},"end":{"line":63,"column":24}},"41":{"start":{"line":64,"column":4},"end":{"line":64,"column":68}},"42":{"start":{"line":64,"column":17},"end":{"line":64,"column":18}},"43":{"start":{"line":64,"column":32},"end":{"line":64,"column":68}},"44":{"start":{"line":65,"column":4},"end":{"line":65,"column":49}},"45":{"start":{"line":69,"column":4},"end":{"line":85,"column":5}},"46":{"start":{"line":69,"column":18},"end":{"line":69,"column":19}},"47":{"start":{"line":70,"column":6},"end":{"line":84,"column":7}},"48":{"start":{"line":71,"column":35},"end":{"line":71,"column":54}},"49":{"start":{"line":72,"column":22},"end":{"line":72,"column":44}},"50":{"start":{"line":73,"column":24},"end":{"line":73,"column":53}},"51":{"start":{"line":74,"column":24},"end":{"line":74,"column":36}},"52":{"start":{"line":75,"column":8},"end":{"line":75,"column":103}},"53":{"start":{"line":75,"column":21},"end":{"line":75,"column":22}},"54":{"start":{"line":75,"column":36},"end":{"line":75,"column":103}},"55":{"start":{"line":77,"column":8},"end":{"line":77,"column":96}},"56":{"start":{"line":77,"column":21},"end":{"line":77,"column":22}},"57":{"start":{"line":77,"column":36},"end":{"line":77,"column":96}},"58":{"start":{"line":78,"column":8},"end":{"line":78,"column":50}},"59":{"start":{"line":80,"column":8},"end":{"line":82,"column":9}},"60":{"start":{"line":80,"column":21},"end":{"line":80,"column":22}},"61":{"start":{"line":81,"column":10},"end":{"line":81,"column":107}},"62":{"start":{"line":81,"column":23},"end":{"line":81,"column":24}},"63":{"start":{"line":81,"column":38},"end":{"line":81,"column":107}},"64":{"start":{"line":83,"column":8},"end":{"line":83,"column":84}},"65":{"start":{"line":83,"column":21},"end":{"line":83,"column":22}},"66":{"start":{"line":83,"column":36},"end":{"line":83,"column":84}},"67":{"start":{"line":88,"column":29},"end":{"line":88,"column":59}},"68":{"start":{"line":91,"column":50},"end":{"line":91,"column":54}},"69":{"start":{"line":92,"column":17},"end":{"line":92,"column":22}},"70":{"start":{"line":96,"column":21},"end":{"line":96,"column":110}},"71":{"start":{"line":96,"column":85},"end":{"line":96,"column":93}},"72":{"start":{"line":97,"column":19},"end":{"line":97,"column":106}},"73":{"start":{"line":97,"column":81},"end":{"line":97,"column":89}},"74":{"start":{"line":99,"column":19},"end":{"line":99,"column":22}},"75":{"start":{"line":100,"column":2},"end":{"line":103,"column":3}},"76":{"start":{"line":101,"column":20},"end":{"line":101,"column":81}},"77":{"start":{"line":101,"column":51},"end":{"line":101,"column":73}},"78":{"start":{"line":102,"column":4},"end":{"line":102,"column":72}},"79":{"start":{"line":105,"column":19},"end":{"line":105,"column":47}},"80":{"start":{"line":106,"column":20},"end":{"line":106,"column":52}},"81":{"start":{"line":107,"column":20},"end":{"line":107,"column":33}},"82":{"start":{"line":108,"column":23},"end":{"line":108,"column":73}},"83":{"start":{"line":110,"column":25},"end":{"line":110,"column":75}},"84":{"start":{"line":112,"column":2},"end":{"line":112,"column":52}},"85":{"start":{"line":116,"column":19},"end":{"line":120,"column":4}},"86":{"start":{"line":121,"column":41},"end":{"line":121,"column":43}},"87":{"start":{"line":122,"column":2},"end":{"line":124,"column":5}},"88":{"start":{"line":123,"column":4},"end":{"line":123,"column":71}},"89":{"start":{"line":123,"column":28},"end":{"line":123,"column":71}},"90":{"start":{"line":125,"column":2},"end":{"line":125,"column":16}},"91":{"start":{"line":129,"column":2},"end":{"line":129,"column":25}},"92":{"start":{"line":129,"column":18},"end":{"line":129,"column":25}},"93":{"start":{"line":130,"column":2},"end":{"line":130,"column":20}},"94":{"start":{"line":131,"column":2},"end":{"line":131,"column":76}},"95":{"start":{"line":133,"column":16},"end":{"line":133,"column":44}},"96":{"start":{"line":134,"column":16},"end":{"line":136,"column":4}},"97":{"start":{"line":138,"column":62},"end":{"line":138,"column":64}},"98":{"start":{"line":141,"column":2},"end":{"line":150,"column":3}},"99":{"start":{"line":141,"column":15},"end":{"line":141,"column":16}},"100":{"start":{"line":142,"column":19},"end":{"line":142,"column":32}},"101":{"start":{"line":143,"column":18},"end":{"line":143,"column":31}},"102":{"start":{"line":144,"column":17},"end":{"line":144,"column":30}},"103":{"start":{"line":145,"column":19},"end":{"line":145,"column":60}},"104":{"start":{"line":146,"column":4},"end":{"line":149,"column":7}},"105":{"start":{"line":153,"column":25},"end":{"line":153,"column":50}},"106":{"start":{"line":154,"column":2},"end":{"line":170,"column":3}},"107":{"start":{"line":155,"column":4},"end":{"line":155,"column":39}},"108":{"start":{"line":155,"column":30},"end":{"line":155,"column":39}},"109":{"start":{"line":158,"column":25},"end":{"line":158,"column":74}},"110":{"start":{"line":158,"column":41},"end":{"line":158,"column":73}},"111":{"start":{"line":159,"column":4},"end":{"line":162,"column":5}},"112":{"start":{"line":160,"column":23},"end":{"line":160,"column":74}},"113":{"start":{"line":161,"column":6},"end":{"line":161,"column":61}},"114":{"start":{"line":165,"column":23},"end":{"line":165,"column":86}},"115":{"start":{"line":165,"column":41},"end":{"line":165,"column":73}},"116":{"start":{"line":166,"column":4},"end":{"line":169,"column":5}},"117":{"start":{"line":167,"column":24},"end":{"line":167,"column":64}},"118":{"start":{"line":168,"column":7},"end":{"line":168,"column":61}},"119":{"start":{"line":172,"column":14},"end":{"line":172,"column":39}},"120":{"start":{"line":173,"column":2},"end":{"line":173,"column":32}},"121":{"start":{"line":175,"column":2},"end":{"line":175,"column":24}},"122":{"start":{"line":176,"column":2},"end":{"line":176,"column":21}},"123":{"start":{"line":177,"column":2},"end":{"line":177,"column":87}},"124":{"start":{"line":181,"column":0},"end":{"line":181,"column":44}},"125":{"start":{"line":188,"column":2},"end":{"line":192,"column":3}},"126":{"start":{"line":190,"column":21},"end":{"line":190,"column":64}},"127":{"start":{"line":191,"column":4},"end":{"line":191,"column":71}},"128":{"start":{"line":194,"column":19},"end":{"line":194,"column":62}},"129":{"start":{"line":195,"column":2},"end":{"line":195,"column":43}},"130":{"start":{"line":199,"column":24},"end":{"line":219,"column":2}},"131":{"start":{"line":199,"column":77},"end":{"line":219,"column":2}},"132":{"start":{"line":200,"column":24},"end":{"line":200,"column":33}},"133":{"start":{"line":201,"column":2},"end":{"line":218,"column":3}},"134":{"start":{"line":202,"column":23},"end":{"line":202,"column":25}},"135":{"start":{"line":203,"column":4},"end":{"line":203,"column":55}},"136":{"start":{"line":203,"column":19},"end":{"line":203,"column":55}},"137":{"start":{"line":204,"column":18},"end":{"line":214,"column":6}},"138":{"start":{"line":215,"column":4},"end":{"line":215,"column":20}},"139":{"start":{"line":217,"column":4},"end":{"line":217,"column":82}},"140":{"start":{"line":199,"column":13},"end":{"line":199,"column":24}},"141":{"start":{"line":222,"column":27},"end":{"line":236,"column":2}},"142":{"start":{"line":222,"column":80},"end":{"line":236,"column":2}},"143":{"start":{"line":223,"column":2},"end":{"line":235,"column":3}},"144":{"start":{"line":224,"column":18},"end":{"line":231,"column":6}},"145":{"start":{"line":232,"column":4},"end":{"line":232,"column":20}},"146":{"start":{"line":234,"column":4},"end":{"line":234,"column":86}},"147":{"start":{"line":222,"column":13},"end":{"line":222,"column":27}},"148":{"start":{"line":239,"column":26},"end":{"line":274,"column":2}},"149":{"start":{"line":239,"column":79},"end":{"line":274,"column":2}},"150":{"start":{"line":243,"column":6},"end":{"line":243,"column":14}},"151":{"start":{"line":244,"column":2},"end":{"line":273,"column":3}},"152":{"start":{"line":245,"column":20},"end":{"line":255,"column":6}},"153":{"start":{"line":258,"column":4},"end":{"line":268,"column":5}},"154":{"start":{"line":259,"column":6},"end":{"line":266,"column":9}},"155":{"start":{"line":267,"column":6},"end":{"line":267,"column":78}},"156":{"start":{"line":270,"column":4},"end":{"line":270,"column":34}},"157":{"start":{"line":272,"column":4},"end":{"line":272,"column":79}},"158":{"start":{"line":239,"column":13},"end":{"line":239,"column":26}},"159":{"start":{"line":277,"column":26},"end":{"line":313,"column":2}},"160":{"start":{"line":277,"column":79},"end":{"line":313,"column":2}},"161":{"start":{"line":278,"column":21},"end":{"line":278,"column":31}},"162":{"start":{"line":282,"column":6},"end":{"line":282,"column":14}},"163":{"start":{"line":283,"column":2},"end":{"line":312,"column":3}},"164":{"start":{"line":284,"column":20},"end":{"line":295,"column":6}},"165":{"start":{"line":298,"column":4},"end":{"line":307,"column":5}},"166":{"start":{"line":299,"column":6},"end":{"line":306,"column":9}},"167":{"start":{"line":309,"column":4},"end":{"line":309,"column":22}},"168":{"start":{"line":311,"column":4},"end":{"line":311,"column":79}},"169":{"start":{"line":277,"column":13},"end":{"line":277,"column":26}},"170":{"start":{"line":316,"column":32},"end":{"line":328,"column":2}},"171":{"start":{"line":316,"column":85},"end":{"line":328,"column":2}},"172":{"start":{"line":317,"column":21},"end":{"line":317,"column":31}},"173":{"start":{"line":318,"column":22},"end":{"line":318,"column":30}},"174":{"start":{"line":319,"column":2},"end":{"line":327,"column":3}},"175":{"start":{"line":320,"column":20},"end":{"line":323,"column":6}},"176":{"start":{"line":324,"column":4},"end":{"line":324,"column":22}},"177":{"start":{"line":326,"column":4},"end":{"line":326,"column":86}},"178":{"start":{"line":316,"column":13},"end":{"line":316,"column":32}},"179":{"start":{"line":331,"column":26},"end":{"line":343,"column":2}},"180":{"start":{"line":331,"column":79},"end":{"line":343,"column":2}},"181":{"start":{"line":332,"column":21},"end":{"line":332,"column":31}},"182":{"start":{"line":333,"column":2},"end":{"line":342,"column":3}},"183":{"start":{"line":334,"column":15},"end":{"line":334,"column":29}},"184":{"start":{"line":335,"column":4},"end":{"line":335,"column":71}},"185":{"start":{"line":336,"column":4},"end":{"line":336,"column":71}},"186":{"start":{"line":337,"column":4},"end":{"line":337,"column":71}},"187":{"start":{"line":338,"column":4},"end":{"line":338,"column":63}},"188":{"start":{"line":339,"column":4},"end":{"line":339,"column":42}},"189":{"start":{"line":341,"column":4},"end":{"line":341,"column":79}},"190":{"start":{"line":331,"column":13},"end":{"line":331,"column":26}},"191":{"start":{"line":346,"column":28},"end":{"line":362,"column":2}},"192":{"start":{"line":346,"column":81},"end":{"line":362,"column":2}},"193":{"start":{"line":347,"column":21},"end":{"line":347,"column":31}},"194":{"start":{"line":348,"column":2},"end":{"line":361,"column":3}},"195":{"start":{"line":349,"column":18},"end":{"line":357,"column":6}},"196":{"start":{"line":358,"column":4},"end":{"line":358,"column":20}},"197":{"start":{"line":360,"column":4},"end":{"line":360,"column":87}},"198":{"start":{"line":346,"column":13},"end":{"line":346,"column":28}},"199":{"start":{"line":365,"column":27},"end":{"line":379,"column":2}},"200":{"start":{"line":365,"column":80},"end":{"line":379,"column":2}},"201":{"start":{"line":366,"column":2},"end":{"line":378,"column":3}},"202":{"start":{"line":367,"column":18},"end":{"line":367,"column":46}},"203":{"start":{"line":368,"column":22},"end":{"line":373,"column":null}},"204":{"start":{"line":369,"column":31},"end":{"line":373,"column":9}},"205":{"start":{"line":369,"column":32},"end":{"line":373,"column":9}},"206":{"start":{"line":375,"column":4},"end":{"line":375,"column":24}},"207":{"start":{"line":377,"column":4},"end":{"line":377,"column":82}},"208":{"start":{"line":365,"column":13},"end":{"line":365,"column":27}},"209":{"start":{"line":382,"column":28},"end":{"line":464,"column":2}},"210":{"start":{"line":382,"column":81},"end":{"line":464,"column":2}},"211":{"start":{"line":383,"column":21},"end":{"line":383,"column":31}},"212":{"start":{"line":384,"column":24},"end":{"line":384,"column":32}},"213":{"start":{"line":385,"column":2},"end":{"line":463,"column":3}},"214":{"start":{"line":386,"column":17},"end":{"line":386,"column":80}},"215":{"start":{"line":387,"column":4},"end":{"line":390,"column":5}},"216":{"start":{"line":388,"column":6},"end":{"line":388,"column":58}},"217":{"start":{"line":389,"column":6},"end":{"line":389,"column":13}},"218":{"start":{"line":392,"column":18},"end":{"line":392,"column":46}},"219":{"start":{"line":393,"column":4},"end":{"line":396,"column":5}},"220":{"start":{"line":394,"column":6},"end":{"line":394,"column":77}},"221":{"start":{"line":395,"column":6},"end":{"line":395,"column":13}},"222":{"start":{"line":398,"column":21},"end":{"line":402,"column":6}},"223":{"start":{"line":403,"column":51},"end":{"line":403,"column":53}},"224":{"start":{"line":404,"column":4},"end":{"line":406,"column":7}},"225":{"start":{"line":405,"column":6},"end":{"line":405,"column":81}},"226":{"start":{"line":405,"column":30},"end":{"line":405,"column":81}},"227":{"start":{"line":408,"column":19},"end":{"line":412,"column":null}},"228":{"start":{"line":409,"column":31},"end":{"line":412,"column":9}},"229":{"start":{"line":409,"column":32},"end":{"line":412,"column":9}},"230":{"start":{"line":414,"column":4},"end":{"line":414,"column":45}},"231":{"start":{"line":414,"column":26},"end":{"line":414,"column":43}},"232":{"start":{"line":416,"column":17},"end":{"line":416,"column":72}},"233":{"start":{"line":417,"column":17},"end":{"line":417,"column":24}},"234":{"start":{"line":419,"column":24},"end":{"line":422,"column":6}},"235":{"start":{"line":425,"column":4},"end":{"line":449,"column":5}},"236":{"start":{"line":426,"column":6},"end":{"line":426,"column":84}},"237":{"start":{"line":427,"column":6},"end":{"line":439,"column":7}},"238":{"start":{"line":428,"column":8},"end":{"line":430,"column":11}},"239":{"start":{"line":431,"column":8},"end":{"line":438,"column":11}},"240":{"start":{"line":441,"column":6},"end":{"line":448,"column":9}},"241":{"start":{"line":451,"column":4},"end":{"line":451,"column":114}},"242":{"start":{"line":451,"column":103},"end":{"line":451,"column":109}},"243":{"start":{"line":453,"column":19},"end":{"line":458,"column":15}},"244":{"start":{"line":460,"column":4},"end":{"line":460,"column":149}},"245":{"start":{"line":460,"column":59},"end":{"line":460,"column":65}},"246":{"start":{"line":460,"column":102},"end":{"line":460,"column":143}},"247":{"start":{"line":462,"column":4},"end":{"line":462,"column":81}},"248":{"start":{"line":382,"column":13},"end":{"line":382,"column":28}}},"fnMap":{"0":{"name":"triggerN8nNotification","decl":{"start":{"line":17,"column":15},"end":{"line":17,"column":37}},"loc":{"start":{"line":17,"column":53},"end":{"line":34,"column":null}}},"1":{"name":"calculateUserWorkload","decl":{"start":{"line":37,"column":22},"end":{"line":37,"column":43}},"loc":{"start":{"line":37,"column":58},"end":{"line":43,"column":null}}},"2":{"name":"(anonymous_12)","decl":{"start":{"line":46,"column":0},"end":{"line":46,"column":6}},"loc":{"start":{"line":46,"column":0},"end":{"line":89,"column":1}}},"3":{"name":"(anonymous_13)","decl":{"start":{"line":47,"column":46},"end":{"line":47,"column":49}},"loc":{"start":{"line":47,"column":52},"end":{"line":47,"column":99}}},"4":{"name":"(anonymous_14)","decl":{"start":{"line":47,"column":73},"end":{"line":47,"column":76}},"loc":{"start":{"line":47,"column":79},"end":{"line":47,"column":98}}},"5":{"name":"(anonymous_15)","decl":{"start":{"line":48,"column":44},"end":{"line":48,"column":47}},"loc":{"start":{"line":48,"column":50},"end":{"line":48,"column":69}}},"6":{"name":"(anonymous_16)","decl":{"start":{"line":49,"column":41},"end":{"line":49,"column":44}},"loc":{"start":{"line":49,"column":47},"end":{"line":49,"column":66}}},"7":{"name":"(anonymous_17)","decl":{"start":{"line":53,"column":2},"end":{"line":53,"column":9}},"loc":{"start":{"line":53,"column":19},"end":{"line":53,"column":55}}},"8":{"name":"(anonymous_18)","decl":{"start":{"line":54,"column":2},"end":{"line":54,"column":10}},"loc":{"start":{"line":54,"column":20},"end":{"line":54,"column":45}}},"9":{"name":"(anonymous_19)","decl":{"start":{"line":56,"column":2},"end":{"line":56,"column":5}},"loc":{"start":{"line":56,"column":21},"end":{"line":66,"column":3}}},"10":{"name":"(anonymous_20)","decl":{"start":{"line":68,"column":2},"end":{"line":68,"column":7}},"loc":{"start":{"line":68,"column":71},"end":{"line":86,"column":3}}},"11":{"name":"(anonymous_21)","decl":{"start":{"line":88,"column":2},"end":{"line":88,"column":9}},"loc":{"start":{"line":88,"column":25},"end":{"line":88,"column":61}}},"12":{"name":"extractFeatures","decl":{"start":{"line":95,"column":9},"end":{"line":95,"column":24}},"loc":{"start":{"line":95,"column":85},"end":{"line":113,"column":1}}},"13":{"name":"(anonymous_23)","decl":{"start":{"line":96,"column":70},"end":{"line":96,"column":71}},"loc":{"start":{"line":96,"column":85},"end":{"line":96,"column":93}}},"14":{"name":"(anonymous_24)","decl":{"start":{"line":97,"column":66},"end":{"line":97,"column":67}},"loc":{"start":{"line":97,"column":81},"end":{"line":97,"column":89}}},"15":{"name":"(anonymous_25)","decl":{"start":{"line":101,"column":36},"end":{"line":101,"column":37}},"loc":{"start":{"line":101,"column":51},"end":{"line":101,"column":73}}},"16":{"name":"getOpenTaskCounts","decl":{"start":{"line":115,"column":15},"end":{"line":115,"column":32}},"loc":{"start":{"line":115,"column":32},"end":{"line":126,"column":null}}},"17":{"name":"(anonymous_28)","decl":{"start":{"line":122,"column":19},"end":{"line":122,"column":20}},"loc":{"start":{"line":122,"column":27},"end":{"line":124,"column":3}}},"18":{"name":"trainDelegationModel","decl":{"start":{"line":128,"column":22},"end":{"line":128,"column":42}},"loc":{"start":{"line":128,"column":42},"end":{"line":178,"column":null}}},"19":{"name":"(anonymous_31)","decl":{"start":{"line":158,"column":36},"end":{"line":158,"column":37}},"loc":{"start":{"line":158,"column":41},"end":{"line":158,"column":73}}},"20":{"name":"(anonymous_32)","decl":{"start":{"line":165,"column":36},"end":{"line":165,"column":37}},"loc":{"start":{"line":165,"column":41},"end":{"line":165,"column":73}}},"21":{"name":"scoreUserForTask","decl":{"start":{"line":183,"column":15},"end":{"line":183,"column":31}},"loc":{"start":{"line":186,"column":40},"end":{"line":196,"column":null}}},"22":{"name":"(anonymous_35)","decl":{"start":{"line":199,"column":24},"end":{"line":199,"column":31}},"loc":{"start":{"line":199,"column":77},"end":{"line":219,"column":2}}},"23":{"name":"(anonymous_36)","decl":{"start":{"line":199,"column":77},"end":{"line":199,"column":null}},"loc":{"start":{"line":199,"column":77},"end":{"line":219,"column":1}}},"24":{"name":"(anonymous_37)","decl":{"start":{"line":222,"column":27},"end":{"line":222,"column":34}},"loc":{"start":{"line":222,"column":80},"end":{"line":236,"column":2}}},"25":{"name":"(anonymous_38)","decl":{"start":{"line":222,"column":80},"end":{"line":222,"column":null}},"loc":{"start":{"line":222,"column":80},"end":{"line":236,"column":1}}},"26":{"name":"(anonymous_39)","decl":{"start":{"line":239,"column":26},"end":{"line":239,"column":33}},"loc":{"start":{"line":239,"column":79},"end":{"line":274,"column":2}}},"27":{"name":"(anonymous_40)","decl":{"start":{"line":239,"column":79},"end":{"line":239,"column":null}},"loc":{"start":{"line":239,"column":79},"end":{"line":274,"column":1}}},"28":{"name":"(anonymous_41)","decl":{"start":{"line":277,"column":26},"end":{"line":277,"column":33}},"loc":{"start":{"line":277,"column":79},"end":{"line":313,"column":2}}},"29":{"name":"(anonymous_42)","decl":{"start":{"line":277,"column":79},"end":{"line":277,"column":null}},"loc":{"start":{"line":277,"column":79},"end":{"line":313,"column":1}}},"30":{"name":"(anonymous_43)","decl":{"start":{"line":316,"column":32},"end":{"line":316,"column":39}},"loc":{"start":{"line":316,"column":85},"end":{"line":328,"column":2}}},"31":{"name":"(anonymous_44)","decl":{"start":{"line":316,"column":85},"end":{"line":316,"column":null}},"loc":{"start":{"line":316,"column":85},"end":{"line":328,"column":1}}},"32":{"name":"(anonymous_45)","decl":{"start":{"line":331,"column":26},"end":{"line":331,"column":33}},"loc":{"start":{"line":331,"column":79},"end":{"line":343,"column":2}}},"33":{"name":"(anonymous_46)","decl":{"start":{"line":331,"column":79},"end":{"line":331,"column":null}},"loc":{"start":{"line":331,"column":79},"end":{"line":343,"column":1}}},"34":{"name":"(anonymous_47)","decl":{"start":{"line":346,"column":28},"end":{"line":346,"column":35}},"loc":{"start":{"line":346,"column":81},"end":{"line":362,"column":2}}},"35":{"name":"(anonymous_48)","decl":{"start":{"line":346,"column":81},"end":{"line":346,"column":null}},"loc":{"start":{"line":346,"column":81},"end":{"line":362,"column":1}}},"36":{"name":"(anonymous_49)","decl":{"start":{"line":365,"column":27},"end":{"line":365,"column":34}},"loc":{"start":{"line":365,"column":80},"end":{"line":379,"column":2}}},"37":{"name":"(anonymous_50)","decl":{"start":{"line":365,"column":80},"end":{"line":365,"column":null}},"loc":{"start":{"line":365,"column":80},"end":{"line":379,"column":1}}},"38":{"name":"(anonymous_51)","decl":{"start":{"line":369,"column":16},"end":{"line":369,"column":23}},"loc":{"start":{"line":369,"column":31},"end":{"line":373,"column":9}}},"39":{"name":"(anonymous_52)","decl":{"start":{"line":369,"column":31},"end":{"line":369,"column":32}},"loc":{"start":{"line":369,"column":31},"end":{"line":373,"column":9}}},"40":{"name":"(anonymous_53)","decl":{"start":{"line":382,"column":28},"end":{"line":382,"column":35}},"loc":{"start":{"line":382,"column":81},"end":{"line":464,"column":2}}},"41":{"name":"(anonymous_54)","decl":{"start":{"line":382,"column":81},"end":{"line":382,"column":null}},"loc":{"start":{"line":382,"column":81},"end":{"line":464,"column":1}}},"42":{"name":"(anonymous_55)","decl":{"start":{"line":404,"column":21},"end":{"line":404,"column":22}},"loc":{"start":{"line":404,"column":29},"end":{"line":406,"column":5}}},"43":{"name":"(anonymous_56)","decl":{"start":{"line":409,"column":16},"end":{"line":409,"column":23}},"loc":{"start":{"line":409,"column":31},"end":{"line":412,"column":9}}},"44":{"name":"(anonymous_57)","decl":{"start":{"line":409,"column":31},"end":{"line":409,"column":32}},"loc":{"start":{"line":409,"column":31},"end":{"line":412,"column":9}}},"45":{"name":"(anonymous_58)","decl":{"start":{"line":414,"column":16},"end":{"line":414,"column":17}},"loc":{"start":{"line":414,"column":26},"end":{"line":414,"column":43}}},"46":{"name":"(anonymous_59)","decl":{"start":{"line":451,"column":98},"end":{"line":451,"column":99}},"loc":{"start":{"line":451,"column":103},"end":{"line":451,"column":109}}},"47":{"name":"(anonymous_60)","decl":{"start":{"line":460,"column":54},"end":{"line":460,"column":55}},"loc":{"start":{"line":460,"column":59},"end":{"line":460,"column":65}}},"48":{"name":"(anonymous_61)","decl":{"start":{"line":460,"column":96},"end":{"line":460,"column":97}},"loc":{"start":{"line":460,"column":102},"end":{"line":460,"column":143}}}},"branchMap":{"0":{"loc":{"start":{"line":20,"column":4},"end":{"line":20,"column":28}},"type":"if","locations":[{"start":{"line":20,"column":4},"end":{"line":20,"column":28}},{"start":{},"end":{}}]},"1":{"loc":{"start":{"line":25,"column":12},"end":{"line":25,"column":26}},"type":"binary-expr","locations":[{"start":{"line":25,"column":12},"end":{"line":25,"column":20}},{"start":{"line":25,"column":24},"end":{"line":25,"column":26}}]},"2":{"loc":{"start":{"line":40,"column":19},"end":{"line":40,"column":48}},"type":"cond-expr","locations":[{"start":{"line":40,"column":42},"end":{"line":40,"column":46}},{"start":{"line":40,"column":46},"end":{"line":40,"column":48}}]},"3":{"loc":{"start":{"line":40,"column":19},"end":{"line":40,"column":46}},"type":"binary-expr","locations":[{"start":{"line":40,"column":19},"end":{"line":40,"column":46}},{"start":{"line":40,"column":42},"end":{"line":40,"column":46}}]},"4":{"loc":{"start":{"line":40,"column":19},"end":{"line":40,"column":42}},"type":"cond-expr","locations":[{"start":{"line":40,"column":23},"end":{"line":40,"column":25}},{"start":{"line":40,"column":19},"end":{"line":40,"column":42}}]},"5":{"loc":{"start":{"line":40,"column":19},"end":{"line":40,"column":25}},"type":"binary-expr","locations":[{"start":{"line":40,"column":19},"end":{"line":40,"column":25}},{"start":{"line":40,"column":19},"end":{"line":40,"column":25}}]},"6":{"loc":{"start":{"line":96,"column":22},"end":{"line":96,"column":39}},"type":"binary-expr","locations":[{"start":{"line":96,"column":22},"end":{"line":96,"column":33}},{"start":{"line":96,"column":37},"end":{"line":96,"column":39}}]},"7":{"loc":{"start":{"line":97,"column":20},"end":{"line":97,"column":35}},"type":"binary-expr","locations":[{"start":{"line":97,"column":20},"end":{"line":97,"column":29}},{"start":{"line":97,"column":33},"end":{"line":97,"column":35}}]},"8":{"loc":{"start":{"line":100,"column":2},"end":{"line":103,"column":3}},"type":"if","locations":[{"start":{"line":100,"column":2},"end":{"line":103,"column":3}},{"start":{},"end":{}}]},"9":{"loc":{"start":{"line":100,"column":6},"end":{"line":100,"column":50}},"type":"binary-expr","locations":[{"start":{"line":100,"column":6},"end":{"line":100,"column":27}},{"start":{"line":100,"column":31},"end":{"line":100,"column":50}}]},"10":{"loc":{"start":{"line":105,"column":19},"end":{"line":105,"column":47}},"type":"cond-expr","locations":[{"start":{"line":105,"column":41},"end":{"line":105,"column":45}},{"start":{"line":105,"column":45},"end":{"line":105,"column":47}}]},"11":{"loc":{"start":{"line":105,"column":19},"end":{"line":105,"column":45}},"type":"binary-expr","locations":[{"start":{"line":105,"column":19},"end":{"line":105,"column":45}},{"start":{"line":105,"column":41},"end":{"line":105,"column":45}}]},"12":{"loc":{"start":{"line":106,"column":20},"end":{"line":106,"column":52}},"type":"cond-expr","locations":[{"start":{"line":106,"column":47},"end":{"line":106,"column":51}},{"start":{"line":106,"column":51},"end":{"line":106,"column":52}}]},"13":{"loc":{"start":{"line":106,"column":20},"end":{"line":106,"column":51}},"type":"binary-expr","locations":[{"start":{"line":106,"column":20},"end":{"line":106,"column":51}},{"start":{"line":106,"column":47},"end":{"line":106,"column":51}}]},"14":{"loc":{"start":{"line":110,"column":25},"end":{"line":110,"column":75}},"type":"cond-expr","locations":[{"start":{"line":110,"column":68},"end":{"line":110,"column":72}},{"start":{"line":110,"column":72},"end":{"line":110,"column":75}}]},"15":{"loc":{"start":{"line":110,"column":25},"end":{"line":110,"column":72}},"type":"binary-expr","locations":[{"start":{"line":110,"column":25},"end":{"line":110,"column":72}},{"start":{"line":110,"column":68},"end":{"line":110,"column":72}}]},"16":{"loc":{"start":{"line":110,"column":42},"end":{"line":110,"column":67}},"type":"cond-expr","locations":[{"start":{"line":110,"column":55},"end":{"line":110,"column":59}},{"start":{"line":110,"column":59},"end":{"line":110,"column":67}}]},"17":{"loc":{"start":{"line":110,"column":42},"end":{"line":110,"column":59}},"type":"binary-expr","locations":[{"start":{"line":110,"column":42},"end":{"line":110,"column":59}},{"start":{"line":110,"column":55},"end":{"line":110,"column":59}}]},"18":{"loc":{"start":{"line":123,"column":4},"end":{"line":123,"column":71}},"type":"if","locations":[{"start":{"line":123,"column":4},"end":{"line":123,"column":71}},{"start":{},"end":{}}]},"19":{"loc":{"start":{"line":129,"column":2},"end":{"line":129,"column":25}},"type":"if","locations":[{"start":{"line":129,"column":2},"end":{"line":129,"column":25}},{"start":{},"end":{}}]},"20":{"loc":{"start":{"line":155,"column":4},"end":{"line":155,"column":39}},"type":"if","locations":[{"start":{"line":155,"column":4},"end":{"line":155,"column":39}},{"start":{},"end":{}}]},"21":{"loc":{"start":{"line":159,"column":4},"end":{"line":162,"column":5}},"type":"if","locations":[{"start":{"line":159,"column":4},"end":{"line":162,"column":5}},{"start":{},"end":{}}]},"22":{"loc":{"start":{"line":188,"column":2},"end":{"line":192,"column":3}},"type":"if","locations":[{"start":{"line":188,"column":2},"end":{"line":192,"column":3}},{"start":{},"end":{}}]},"23":{"loc":{"start":{"line":203,"column":4},"end":{"line":203,"column":55}},"type":"if","locations":[{"start":{"line":203,"column":4},"end":{"line":203,"column":55}},{"start":{},"end":{}}]},"24":{"loc":{"start":{"line":248,"column":24},"end":{"line":248,"column":77}},"type":"cond-expr","locations":[{"start":{"line":248,"column":41},"end":{"line":248,"column":60}},{"start":{"line":248,"column":68},"end":{"line":248,"column":77}}]},"25":{"loc":{"start":{"line":249,"column":24},"end":{"line":249,"column":77}},"type":"cond-expr","locations":[{"start":{"line":249,"column":41},"end":{"line":249,"column":58}},{"start":{"line":249,"column":68},"end":{"line":249,"column":77}}]},"26":{"loc":{"start":{"line":251,"column":24},"end":{"line":251,"column":51}},"type":"cond-expr","locations":[{"start":{"line":251,"column":24},"end":{"line":251,"column":38}},{"start":{"line":251,"column":42},"end":{"line":251,"column":51}}]},"27":{"loc":{"start":{"line":251,"column":24},"end":{"line":251,"column":42}},"type":"binary-expr","locations":[{"start":{"line":251,"column":24},"end":{"line":251,"column":42}},{"start":{"line":251,"column":24},"end":{"line":251,"column":42}}]},"28":{"loc":{"start":{"line":252,"column":24},"end":{"line":252,"column":43}},"type":"cond-expr","locations":[{"start":{"line":252,"column":24},"end":{"line":252,"column":37}},{"start":{"line":252,"column":42},"end":{"line":252,"column":43}}]},"29":{"loc":{"start":{"line":252,"column":24},"end":{"line":252,"column":42}},"type":"binary-expr","locations":[{"start":{"line":252,"column":24},"end":{"line":252,"column":42}},{"start":{"line":252,"column":24},"end":{"line":252,"column":42}}]},"30":{"loc":{"start":{"line":258,"column":4},"end":{"line":268,"column":5}},"type":"if","locations":[{"start":{"line":258,"column":4},"end":{"line":268,"column":5}},{"start":{},"end":{}}]},"31":{"loc":{"start":{"line":288,"column":24},"end":{"line":288,"column":77}},"type":"cond-expr","locations":[{"start":{"line":288,"column":41},"end":{"line":288,"column":60}},{"start":{"line":288,"column":68},"end":{"line":288,"column":77}}]},"32":{"loc":{"start":{"line":289,"column":24},"end":{"line":289,"column":77}},"type":"cond-expr","locations":[{"start":{"line":289,"column":41},"end":{"line":289,"column":58}},{"start":{"line":289,"column":68},"end":{"line":289,"column":77}}]},"33":{"loc":{"start":{"line":291,"column":24},"end":{"line":291,"column":51}},"type":"cond-expr","locations":[{"start":{"line":291,"column":24},"end":{"line":291,"column":38}},{"start":{"line":291,"column":42},"end":{"line":291,"column":51}}]},"34":{"loc":{"start":{"line":291,"column":24},"end":{"line":291,"column":42}},"type":"binary-expr","locations":[{"start":{"line":291,"column":24},"end":{"line":291,"column":42}},{"start":{"line":291,"column":24},"end":{"line":291,"column":42}}]},"35":{"loc":{"start":{"line":292,"column":24},"end":{"line":292,"column":43}},"type":"cond-expr","locations":[{"start":{"line":292,"column":24},"end":{"line":292,"column":37}},{"start":{"line":292,"column":42},"end":{"line":292,"column":43}}]},"36":{"loc":{"start":{"line":292,"column":24},"end":{"line":292,"column":42}},"type":"binary-expr","locations":[{"start":{"line":292,"column":24},"end":{"line":292,"column":42}},{"start":{"line":292,"column":24},"end":{"line":292,"column":42}}]},"37":{"loc":{"start":{"line":298,"column":4},"end":{"line":307,"column":5}},"type":"if","locations":[{"start":{"line":298,"column":4},"end":{"line":307,"column":5}},{"start":{},"end":{}}]},"38":{"loc":{"start":{"line":298,"column":8},"end":{"line":298,"column":40}},"type":"binary-expr","locations":[{"start":{"line":298,"column":8},"end":{"line":298,"column":14}},{"start":{"line":298,"column":18},"end":{"line":298,"column":40}}]},"39":{"loc":{"start":{"line":384,"column":10},"end":{"line":384,"column":19}},"type":"default-arg","locations":[{"start":{"line":384,"column":18},"end":{"line":384,"column":19}}]},"40":{"loc":{"start":{"line":387,"column":4},"end":{"line":390,"column":5}},"type":"if","locations":[{"start":{"line":387,"column":4},"end":{"line":390,"column":5}},{"start":{},"end":{}}]},"41":{"loc":{"start":{"line":393,"column":4},"end":{"line":396,"column":5}},"type":"if","locations":[{"start":{"line":393,"column":4},"end":{"line":396,"column":5}},{"start":{},"end":{}}]},"42":{"loc":{"start":{"line":405,"column":6},"end":{"line":405,"column":81}},"type":"if","locations":[{"start":{"line":405,"column":6},"end":{"line":405,"column":81}},{"start":{},"end":{}}]},"43":{"loc":{"start":{"line":425,"column":4},"end":{"line":449,"column":5}},"type":"if","locations":[{"start":{"line":425,"column":4},"end":{"line":449,"column":5}},{"start":{"line":440,"column":11},"end":{"line":449,"column":5}}]},"44":{"loc":{"start":{"line":456,"column":6},"end":{"line":456,"column":79}},"type":"cond-expr","locations":[{"start":{"line":456,"column":25},"end":{"line":456,"column":57}},{"start":{"line":456,"column":60},"end":{"line":456,"column":79}}]},"45":{"loc":{"start":{"line":457,"column":6},"end":{"line":457,"column":64}},"type":"cond-expr","locations":[{"start":{"line":457,"column":18},"end":{"line":457,"column":46}},{"start":{"line":457,"column":49},"end":{"line":457,"column":64}}]}},"s":{"0":1,"1":1,"2":1,"3":1,"4":1,"5":1,"6":2,"7":2,"8":2,"9":0,"10":2,"11":2,"12":2,"13":2,"14":2,"15":2,"16":23,"17":23,"18":23,"19":23,"20":23,"21":1,"22":3,"23":12,"24":1,"25":4,"26":1,"27":4,"28":1,"29":1,"30":3360115,"31":3360000,"32":672023,"33":672023,"34":672023,"35":2688092,"36":2688092,"37":2688092,"38":8064276,"39":2688092,"40":672023,"41":672023,"42":672023,"43":2688092,"44":672023,"45":1,"46":1,"47":2000,"48":672000,"49":672000,"50":672000,"51":672000,"52":672000,"53":672000,"54":2688000,"55":672000,"56":672000,"57":2688000,"58":672000,"59":672000,"60":672000,"61":2016000,"62":2016000,"63":8064000,"64":672000,"65":672000,"66":2688000,"67":23,"68":1,"69":1,"70":159,"71":669,"72":159,"73":399,"74":159,"75":159,"76":159,"77":399,"78":159,"79":159,"80":159,"81":159,"82":159,"83":159,"84":159,"85":1,"86":1,"87":1,"88":19,"89":19,"90":1,"91":1,"92":0,"93":1,"94":1,"95":1,"96":1,"97":1,"98":1,"99":1,"100":200,"101":200,"102":200,"103":200,"104":200,"105":1,"106":1,"107":34,"108":0,"109":34,"110":460,"111":34,"112":34,"113":34,"114":34,"115":714,"116":34,"117":102,"118":102,"119":1,"120":1,"121":1,"122":1,"123":1,"124":1,"125":23,"126":0,"127":0,"128":23,"129":23,"130":1,"131":2,"132":2,"133":2,"134":2,"135":2,"136":1,"137":2,"138":2,"139":0,"140":1,"141":1,"142":1,"143":1,"144":1,"145":1,"146":0,"147":1,"148":1,"149":1,"150":1,"151":1,"152":1,"153":1,"154":1,"155":1,"156":1,"157":0,"158":1,"159":1,"160":2,"161":2,"162":2,"163":2,"164":2,"165":2,"166":1,"167":2,"168":0,"169":1,"170":1,"171":1,"172":1,"173":1,"174":1,"175":1,"176":1,"177":0,"178":1,"179":1,"180":1,"181":1,"182":1,"183":1,"184":1,"185":1,"186":1,"187":1,"188":1,"189":0,"190":1,"191":1,"192":1,"193":1,"194":1,"195":1,"196":1,"197":0,"198":1,"199":1,"200":1,"201":1,"202":1,"203":1,"204":23,"205":23,"206":1,"207":0,"208":1,"209":1,"210":1,"211":1,"212":1,"213":1,"214":1,"215":1,"216":0,"217":0,"218":1,"219":1,"220":0,"221":0,"222":1,"223":1,"224":1,"225":20,"226":20,"227":1,"228":23,"229":23,"230":1,"231":74,"232":1,"233":1,"234":1,"235":1,"236":0,"237":0,"238":0,"239":0,"240":1,"241":1,"242":1,"243":1,"244":1,"245":1,"246":1,"247":0,"248":1},"f":{"0":2,"1":23,"2":1,"3":3,"4":12,"5":4,"6":4,"7":3360115,"8":3360000,"9":672023,"10":1,"11":23,"12":159,"13":669,"14":399,"15":399,"16":1,"17":19,"18":1,"19":460,"20":714,"21":23,"22":2,"23":2,"24":1,"25":1,"26":1,"27":1,"28":2,"29":2,"30":1,"31":1,"32":1,"33":1,"34":1,"35":1,"36":1,"37":1,"38":23,"39":23,"40":1,"41":1,"42":20,"43":23,"44":23,"45":74,"46":1,"47":1,"48":1},"b":{"0":[0,2],"1":[2,0],"2":[23,0],"3":[23,23],"4":[0,23],"5":[23,23],"6":[159,0],"7":[159,0],"8":[159,0],"9":[159,159],"10":[159,0],"11":[159,159],"12":[122,37],"13":[159,159],"14":[159,0],"15":[159,159],"16":[159,0],"17":[159,159],"18":[19,0],"19":[0,1],"20":[0,34],"21":[34,0],"22":[0,23],"23":[1,1],"24":[0,1],"25":[0,1],"26":[1,0],"27":[1,1],"28":[0,1],"29":[1,1],"30":[1,0],"31":[0,2],"32":[0,2],"33":[1,1],"34":[2,2],"35":[0,2],"36":[2,2],"37":[1,1],"38":[2,2],"39":[0],"40":[0,1],"41":[0,1],"42":[20,0],"43":[0,1],"44":[1,0],"45":[1,0]}}
,"C:\\Users\\hp\\Downloads\\autoflow-v2-updated\\autoflow\\server\\src\\controllers\\teamController.ts": {"path":"C:\\Users\\hp\\Downloads\\autoflow-v2-updated\\autoflow\\server\\src\\controllers\\teamController.ts","statementMap":{"0":{"start":{"line":2,"column":0},"end":{"line":2,"column":46}},"1":{"start":{"line":4,"column":15},"end":{"line":4,"column":33}},"2":{"start":{"line":7,"column":24},"end":{"line":39,"column":2}},"3":{"start":{"line":7,"column":77},"end":{"line":39,"column":2}},"4":{"start":{"line":8,"column":2},"end":{"line":38,"column":3}},"5":{"start":{"line":9,"column":18},"end":{"line":9,"column":46}},"6":{"start":{"line":11,"column":31},"end":{"line":32,"column":null}},"7":{"start":{"line":12,"column":36},"end":{"line":32,"column":8}},"8":{"start":{"line":13,"column":29},"end":{"line":18,"column":16}},"9":{"start":{"line":20,"column":31},"end":{"line":25,"column":16}},"10":{"start":{"line":27,"column":8},"end":{"line":30,"column":null}},"11":{"start":{"line":35,"column":4},"end":{"line":35,"column":33}},"12":{"start":{"line":37,"column":4},"end":{"line":37,"column":82}},"13":{"start":{"line":7,"column":13},"end":{"line":7,"column":24}},"14":{"start":{"line":42,"column":26},"end":{"line":56,"column":2}},"15":{"start":{"line":42,"column":79},"end":{"line":56,"column":2}},"16":{"start":{"line":43,"column":65},"end":{"line":43,"column":73}},"17":{"start":{"line":44,"column":2},"end":{"line":55,"column":3}},"18":{"start":{"line":45,"column":20},"end":{"line":51,"column":6}},"19":{"start":{"line":52,"column":4},"end":{"line":52,"column":34}},"20":{"start":{"line":54,"column":4},"end":{"line":54,"column":79}},"21":{"start":{"line":42,"column":13},"end":{"line":42,"column":26}},"22":{"start":{"line":59,"column":26},"end":{"line":75,"column":2}},"23":{"start":{"line":59,"column":79},"end":{"line":75,"column":2}},"24":{"start":{"line":60,"column":21},"end":{"line":60,"column":31}},"25":{"start":{"line":61,"column":65},"end":{"line":61,"column":73}},"26":{"start":{"line":62,"column":2},"end":{"line":74,"column":3}},"27":{"start":{"line":63,"column":20},"end":{"line":70,"column":6}},"28":{"start":{"line":71,"column":4},"end":{"line":71,"column":22}},"29":{"start":{"line":73,"column":4},"end":{"line":73,"column":79}},"30":{"start":{"line":59,"column":13},"end":{"line":59,"column":26}},"31":{"start":{"line":78,"column":26},"end":{"line":90,"column":2}},"32":{"start":{"line":78,"column":79},"end":{"line":90,"column":2}},"33":{"start":{"line":79,"column":21},"end":{"line":79,"column":31}},"34":{"start":{"line":80,"column":14},"end":{"line":80,"column":28}},"35":{"start":{"line":81,"column":2},"end":{"line":89,"column":3}},"36":{"start":{"line":83,"column":4},"end":{"line":83,"column":90}},"37":{"start":{"line":84,"column":4},"end":{"line":84,"column":68}},"38":{"start":{"line":85,"column":4},"end":{"line":85,"column":53}},"39":{"start":{"line":86,"column":4},"end":{"line":86,"column":42}},"40":{"start":{"line":88,"column":4},"end":{"line":88,"column":79}},"41":{"start":{"line":78,"column":13},"end":{"line":78,"column":26}}},"fnMap":{"0":{"name":"(anonymous_7)","decl":{"start":{"line":7,"column":24},"end":{"line":7,"column":31}},"loc":{"start":{"line":7,"column":77},"end":{"line":39,"column":2}}},"1":{"name":"(anonymous_8)","decl":{"start":{"line":7,"column":77},"end":{"line":7,"column":null}},"loc":{"start":{"line":7,"column":77},"end":{"line":39,"column":1}}},"2":{"name":"(anonymous_9)","decl":{"start":{"line":12,"column":16},"end":{"line":12,"column":23}},"loc":{"start":{"line":12,"column":36},"end":{"line":32,"column":8}}},"3":{"name":"(anonymous_10)","decl":{"start":{"line":12,"column":36},"end":{"line":12,"column":null}},"loc":{"start":{"line":12,"column":36},"end":{"line":32,"column":7}}},"4":{"name":"(anonymous_11)","decl":{"start":{"line":42,"column":26},"end":{"line":42,"column":33}},"loc":{"start":{"line":42,"column":79},"end":{"line":56,"column":2}}},"5":{"name":"(anonymous_12)","decl":{"start":{"line":42,"column":79},"end":{"line":42,"column":null}},"loc":{"start":{"line":42,"column":79},"end":{"line":56,"column":1}}},"6":{"name":"(anonymous_13)","decl":{"start":{"line":59,"column":26},"end":{"line":59,"column":33}},"loc":{"start":{"line":59,"column":79},"end":{"line":75,"column":2}}},"7":{"name":"(anonymous_14)","decl":{"start":{"line":59,"column":79},"end":{"line":59,"column":null}},"loc":{"start":{"line":59,"column":79},"end":{"line":75,"column":1}}},"8":{"name":"(anonymous_15)","decl":{"start":{"line":78,"column":26},"end":{"line":78,"column":33}},"loc":{"start":{"line":78,"column":79},"end":{"line":90,"column":2}}},"9":{"name":"(anonymous_16)","decl":{"start":{"line":78,"column":79},"end":{"line":78,"column":null}},"loc":{"start":{"line":78,"column":79},"end":{"line":90,"column":1}}}},"branchMap":{"0":{"loc":{"start":{"line":13,"column":29},"end":{"line":18,"column":16}},"type":"cond-expr","locations":[{"start":{"line":14,"column":12},"end":{"line":17,"column":14}},{"start":{"line":18,"column":12},"end":{"line":18,"column":16}}]},"1":{"loc":{"start":{"line":20,"column":31},"end":{"line":25,"column":16}},"type":"cond-expr","locations":[{"start":{"line":21,"column":12},"end":{"line":24,"column":14}},{"start":{"line":25,"column":12},"end":{"line":25,"column":16}}]},"2":{"loc":{"start":{"line":29,"column":32},"end":{"line":29,"column":54}},"type":"cond-expr","locations":[{"start":{"line":29,"column":44},"end":{"line":29,"column":46}},{"start":{"line":29,"column":32},"end":{"line":29,"column":54}}]},"3":{"loc":{"start":{"line":29,"column":32},"end":{"line":29,"column":46}},"type":"binary-expr","locations":[{"start":{"line":29,"column":32},"end":{"line":29,"column":46}},{"start":{"line":29,"column":32},"end":{"line":29,"column":46}}]},"4":{"loc":{"start":{"line":30,"column":34},"end":{"line":30,"column":58}},"type":"cond-expr","locations":[{"start":{"line":30,"column":48},"end":{"line":30,"column":50}},{"start":{"line":30,"column":34},"end":{"line":30,"column":58}}]},"5":{"loc":{"start":{"line":30,"column":34},"end":{"line":30,"column":50}},"type":"binary-expr","locations":[{"start":{"line":30,"column":34},"end":{"line":30,"column":50}},{"start":{"line":30,"column":34},"end":{"line":30,"column":50}}]},"6":{"loc":{"start":{"line":48,"column":29},"end":{"line":48,"column":90}},"type":"cond-expr","locations":[{"start":{"line":48,"column":51},"end":{"line":48,"column":77}},{"start":{"line":48,"column":81},"end":{"line":48,"column":90}}]},"7":{"loc":{"start":{"line":49,"column":30},"end":{"line":49,"column":93}},"type":"cond-expr","locations":[{"start":{"line":49,"column":53},"end":{"line":49,"column":81}},{"start":{"line":49,"column":84},"end":{"line":49,"column":93}}]},"8":{"loc":{"start":{"line":67,"column":29},"end":{"line":67,"column":90}},"type":"cond-expr","locations":[{"start":{"line":67,"column":51},"end":{"line":67,"column":77}},{"start":{"line":67,"column":81},"end":{"line":67,"column":90}}]},"9":{"loc":{"start":{"line":68,"column":30},"end":{"line":68,"column":93}},"type":"cond-expr","locations":[{"start":{"line":68,"column":53},"end":{"line":68,"column":81}},{"start":{"line":68,"column":84},"end":{"line":68,"column":93}}]}},"s":{"0":1,"1":1,"2":1,"3":1,"4":1,"5":1,"6":1,"7":6,"8":6,"9":6,"10":6,"11":1,"12":0,"13":1,"14":1,"15":2,"16":2,"17":2,"18":2,"19":2,"20":0,"21":1,"22":1,"23":1,"24":1,"25":1,"26":1,"27":1,"28":1,"29":0,"30":1,"31":1,"32":1,"33":1,"34":1,"35":1,"36":1,"37":1,"38":1,"39":1,"40":0,"41":1},"f":{"0":1,"1":1,"2":6,"3":6,"4":2,"5":2,"6":1,"7":1,"8":1,"9":1},"b":{"0":[0,6],"1":[0,6],"2":[6,0],"3":[6,0],"4":[6,0],"5":[6,0],"6":[1,1],"7":[1,1],"8":[1,0],"9":[0,1]}}
,"C:\\Users\\hp\\Downloads\\autoflow-v2-updated\\autoflow\\server\\src\\controllers\\userController.ts": {"path":"C:\\Users\\hp\\Downloads\\autoflow-v2-updated\\autoflow\\server\\src\\controllers\\userController.ts","statementMap":{"0":{"start":{"line":2,"column":0},"end":{"line":2,"column":46}},"1":{"start":{"line":6,"column":15},"end":{"line":6,"column":33}},"2":{"start":{"line":9,"column":24},"end":{"line":31,"column":2}},"3":{"start":{"line":9,"column":77},"end":{"line":31,"column":2}},"4":{"start":{"line":10,"column":2},"end":{"line":30,"column":3}},"5":{"start":{"line":11,"column":18},"end":{"line":13,"column":6}},"6":{"start":{"line":16,"column":30},"end":{"line":24,"column":null}},"7":{"start":{"line":17,"column":31},"end":{"line":24,"column":8}},"8":{"start":{"line":18,"column":26},"end":{"line":20,"column":10}},"9":{"start":{"line":21,"column":25},"end":{"line":21,"column":53}},"10":{"start":{"line":22,"column":25},"end":{"line":22,"column":84}},"11":{"start":{"line":23,"column":8},"end":{"line":23,"column":65}},"12":{"start":{"line":27,"column":4},"end":{"line":27,"column":32}},"13":{"start":{"line":29,"column":4},"end":{"line":29,"column":82}},"14":{"start":{"line":9,"column":13},"end":{"line":9,"column":24}},"15":{"start":{"line":34,"column":23},"end":{"line":46,"column":2}},"16":{"start":{"line":34,"column":76},"end":{"line":46,"column":2}},"17":{"start":{"line":35,"column":24},"end":{"line":35,"column":34}},"18":{"start":{"line":36,"column":2},"end":{"line":45,"column":3}},"19":{"start":{"line":37,"column":17},"end":{"line":37,"column":96}},"20":{"start":{"line":38,"column":4},"end":{"line":41,"column":5}},"21":{"start":{"line":39,"column":6},"end":{"line":39,"column":58}},"22":{"start":{"line":40,"column":6},"end":{"line":40,"column":13}},"23":{"start":{"line":42,"column":4},"end":{"line":42,"column":19}},"24":{"start":{"line":44,"column":4},"end":{"line":44,"column":81}},"25":{"start":{"line":34,"column":13},"end":{"line":34,"column":23}},"26":{"start":{"line":49,"column":24},"end":{"line":85,"column":2}},"27":{"start":{"line":49,"column":77},"end":{"line":85,"column":2}},"28":{"start":{"line":50,"column":2},"end":{"line":84,"column":3}},"29":{"start":{"line":59,"column":8},"end":{"line":59,"column":16}},"30":{"start":{"line":62,"column":22},"end":{"line":62,"column":39}},"31":{"start":{"line":63,"column":4},"end":{"line":65,"column":5}},"32":{"start":{"line":64,"column":6},"end":{"line":64,"column":52}},"33":{"start":{"line":67,"column":20},"end":{"line":69,"column":6}},"34":{"start":{"line":72,"column":4},"end":{"line":79,"column":7}},"35":{"start":{"line":81,"column":4},"end":{"line":81,"column":64}},"36":{"start":{"line":83,"column":4},"end":{"line":83,"column":79}},"37":{"start":{"line":49,"column":13},"end":{"line":49,"column":24}},"38":{"start":{"line":88,"column":34},"end":{"line":123,"column":2}},"39":{"start":{"line":88,"column":87},"end":{"line":123,"column":2}},"40":{"start":{"line":89,"column":2},"end":{"line":122,"column":3}},"41":{"start":{"line":90,"column":22},"end":{"line":90,"column":30}},"42":{"start":{"line":91,"column":4},"end":{"line":94,"column":5}},"43":{"start":{"line":92,"column":6},"end":{"line":92,"column":61}},"44":{"start":{"line":93,"column":6},"end":{"line":93,"column":13}},"45":{"start":{"line":96,"column":20},"end":{"line":96,"column":22}},"46":{"start":{"line":97,"column":20},"end":{"line":97,"column":22}},"47":{"start":{"line":99,"column":4},"end":{"line":117,"column":5}},"48":{"start":{"line":100,"column":6},"end":{"line":116,"column":7}},"49":{"start":{"line":101,"column":26},"end":{"line":101,"column":105}},"50":{"start":{"line":102,"column":21},"end":{"line":112,"column":10}},"51":{"start":{"line":113,"column":8},"end":{"line":113,"column":27}},"52":{"start":{"line":115,"column":8},"end":{"line":115,"column":49}},"53":{"start":{"line":119,"column":4},"end":{"line":119,"column":66}},"54":{"start":{"line":121,"column":4},"end":{"line":121,"column":81}},"55":{"start":{"line":88,"column":13},"end":{"line":88,"column":34}},"56":{"start":{"line":126,"column":26},"end":{"line":150,"column":2}},"57":{"start":{"line":126,"column":79},"end":{"line":150,"column":2}},"58":{"start":{"line":127,"column":22},"end":{"line":127,"column":32}},"59":{"start":{"line":128,"column":83},"end":{"line":128,"column":91}},"60":{"start":{"line":129,"column":2},"end":{"line":149,"column":3}},"61":{"start":{"line":130,"column":22},"end":{"line":130,"column":39}},"62":{"start":{"line":131,"column":4},"end":{"line":133,"column":5}},"63":{"start":{"line":132,"column":6},"end":{"line":132,"column":52}},"64":{"start":{"line":135,"column":20},"end":{"line":145,"column":6}},"65":{"start":{"line":146,"column":4},"end":{"line":146,"column":22}},"66":{"start":{"line":148,"column":4},"end":{"line":148,"column":79}},"67":{"start":{"line":126,"column":13},"end":{"line":126,"column":26}},"68":{"start":{"line":153,"column":26},"end":{"line":170,"column":2}},"69":{"start":{"line":153,"column":79},"end":{"line":170,"column":2}},"70":{"start":{"line":154,"column":21},"end":{"line":154,"column":31}},"71":{"start":{"line":155,"column":21},"end":{"line":155,"column":35}},"72":{"start":{"line":156,"column":2},"end":{"line":169,"column":3}},"73":{"start":{"line":157,"column":4},"end":{"line":160,"column":7}},"74":{"start":{"line":161,"column":4},"end":{"line":161,"column":71}},"75":{"start":{"line":162,"column":4},"end":{"line":162,"column":71}},"76":{"start":{"line":163,"column":4},"end":{"line":163,"column":77}},"77":{"start":{"line":164,"column":4},"end":{"line":164,"column":71}},"78":{"start":{"line":165,"column":4},"end":{"line":165,"column":71}},"79":{"start":{"line":166,"column":4},"end":{"line":166,"column":42}},"80":{"start":{"line":168,"column":4},"end":{"line":168,"column":79}},"81":{"start":{"line":153,"column":13},"end":{"line":153,"column":26}}},"fnMap":{"0":{"name":"(anonymous_7)","decl":{"start":{"line":9,"column":24},"end":{"line":9,"column":31}},"loc":{"start":{"line":9,"column":77},"end":{"line":31,"column":2}}},"1":{"name":"(anonymous_8)","decl":{"start":{"line":9,"column":77},"end":{"line":9,"column":null}},"loc":{"start":{"line":9,"column":77},"end":{"line":31,"column":1}}},"2":{"name":"(anonymous_9)","decl":{"start":{"line":17,"column":16},"end":{"line":17,"column":23}},"loc":{"start":{"line":17,"column":31},"end":{"line":24,"column":8}}},"3":{"name":"(anonymous_10)","decl":{"start":{"line":17,"column":31},"end":{"line":17,"column":null}},"loc":{"start":{"line":17,"column":31},"end":{"line":24,"column":7}}},"4":{"name":"(anonymous_11)","decl":{"start":{"line":34,"column":23},"end":{"line":34,"column":30}},"loc":{"start":{"line":34,"column":76},"end":{"line":46,"column":2}}},"5":{"name":"(anonymous_12)","decl":{"start":{"line":34,"column":76},"end":{"line":34,"column":null}},"loc":{"start":{"line":34,"column":76},"end":{"line":46,"column":1}}},"6":{"name":"(anonymous_13)","decl":{"start":{"line":49,"column":24},"end":{"line":49,"column":31}},"loc":{"start":{"line":49,"column":77},"end":{"line":85,"column":2}}},"7":{"name":"(anonymous_14)","decl":{"start":{"line":49,"column":77},"end":{"line":49,"column":null}},"loc":{"start":{"line":49,"column":77},"end":{"line":85,"column":1}}},"8":{"name":"(anonymous_15)","decl":{"start":{"line":88,"column":34},"end":{"line":88,"column":41}},"loc":{"start":{"line":88,"column":87},"end":{"line":123,"column":2}}},"9":{"name":"(anonymous_16)","decl":{"start":{"line":88,"column":87},"end":{"line":88,"column":null}},"loc":{"start":{"line":88,"column":87},"end":{"line":123,"column":1}}},"10":{"name":"(anonymous_17)","decl":{"start":{"line":126,"column":26},"end":{"line":126,"column":33}},"loc":{"start":{"line":126,"column":79},"end":{"line":150,"column":2}}},"11":{"name":"(anonymous_18)","decl":{"start":{"line":126,"column":79},"end":{"line":126,"column":null}},"loc":{"start":{"line":126,"column":79},"end":{"line":150,"column":1}}},"12":{"name":"(anonymous_19)","decl":{"start":{"line":153,"column":26},"end":{"line":153,"column":33}},"loc":{"start":{"line":153,"column":79},"end":{"line":170,"column":2}}},"13":{"name":"(anonymous_20)","decl":{"start":{"line":153,"column":79},"end":{"line":153,"column":null}},"loc":{"start":{"line":153,"column":79},"end":{"line":170,"column":1}}}},"branchMap":{"0":{"loc":{"start":{"line":21,"column":25},"end":{"line":21,"column":53}},"type":"cond-expr","locations":[{"start":{"line":21,"column":47},"end":{"line":21,"column":51}},{"start":{"line":21,"column":51},"end":{"line":21,"column":53}}]},"1":{"loc":{"start":{"line":21,"column":25},"end":{"line":21,"column":51}},"type":"binary-expr","locations":[{"start":{"line":21,"column":25},"end":{"line":21,"column":51}},{"start":{"line":21,"column":47},"end":{"line":21,"column":51}}]},"2":{"loc":{"start":{"line":38,"column":4},"end":{"line":41,"column":5}},"type":"if","locations":[{"start":{"line":38,"column":4},"end":{"line":41,"column":5}},{"start":{},"end":{}}]},"3":{"loc":{"start":{"line":54,"column":6},"end":{"line":54,"column":34}},"type":"default-arg","locations":[{"start":{"line":54,"column":26},"end":{"line":54,"column":34}}]},"4":{"loc":{"start":{"line":55,"column":6},"end":{"line":55,"column":27}},"type":"default-arg","locations":[{"start":{"line":55,"column":26},"end":{"line":55,"column":27}}]},"5":{"loc":{"start":{"line":56,"column":6},"end":{"line":56,"column":34}},"type":"default-arg","locations":[{"start":{"line":56,"column":26},"end":{"line":56,"column":34}}]},"6":{"loc":{"start":{"line":57,"column":6},"end":{"line":57,"column":28}},"type":"default-arg","locations":[{"start":{"line":57,"column":26},"end":{"line":57,"column":28}}]},"7":{"loc":{"start":{"line":58,"column":6},"end":{"line":58,"column":28}},"type":"default-arg","locations":[{"start":{"line":58,"column":26},"end":{"line":58,"column":28}}]},"8":{"loc":{"start":{"line":63,"column":4},"end":{"line":65,"column":5}},"type":"if","locations":[{"start":{"line":63,"column":4},"end":{"line":65,"column":5}},{"start":{},"end":{}}]},"9":{"loc":{"start":{"line":68,"column":75},"end":{"line":68,"column":110}},"type":"cond-expr","locations":[{"start":{"line":68,"column":84},"end":{"line":68,"column":98}},{"start":{"line":68,"column":101},"end":{"line":68,"column":110}}]},"10":{"loc":{"start":{"line":91,"column":4},"end":{"line":94,"column":5}},"type":"if","locations":[{"start":{"line":91,"column":4},"end":{"line":94,"column":5}},{"start":{},"end":{}}]},"11":{"loc":{"start":{"line":91,"column":8},"end":{"line":91,"column":51}},"type":"binary-expr","locations":[{"start":{"line":91,"column":8},"end":{"line":91,"column":29}},{"start":{"line":91,"column":33},"end":{"line":91,"column":51}}]},"12":{"loc":{"start":{"line":101,"column":26},"end":{"line":101,"column":105}},"type":"binary-expr","locations":[{"start":{"line":101,"column":26},"end":{"line":101,"column":39}},{"start":{"line":101,"column":43},"end":{"line":101,"column":105}}]},"13":{"loc":{"start":{"line":104,"column":30},"end":{"line":104,"column":78}},"type":"binary-expr","locations":[{"start":{"line":104,"column":30},"end":{"line":104,"column":42}},{"start":{"line":104,"column":46},"end":{"line":104,"column":54}},{"start":{"line":104,"column":58},"end":{"line":104,"column":78}}]},"14":{"loc":{"start":{"line":106,"column":31},"end":{"line":106,"column":64}},"type":"binary-expr","locations":[{"start":{"line":106,"column":31},"end":{"line":106,"column":52}},{"start":{"line":106,"column":56},"end":{"line":106,"column":64}}]},"15":{"loc":{"start":{"line":107,"column":31},"end":{"line":107,"column":66}},"type":"cond-expr","locations":[{"start":{"line":107,"column":44},"end":{"line":107,"column":62}},{"start":{"line":107,"column":65},"end":{"line":107,"column":66}}]},"16":{"loc":{"start":{"line":108,"column":31},"end":{"line":108,"column":51}},"type":"binary-expr","locations":[{"start":{"line":108,"column":31},"end":{"line":108,"column":39}},{"start":{"line":108,"column":43},"end":{"line":108,"column":51}}]},"17":{"loc":{"start":{"line":109,"column":31},"end":{"line":109,"column":47}},"type":"binary-expr","locations":[{"start":{"line":109,"column":31},"end":{"line":109,"column":41}},{"start":{"line":109,"column":45},"end":{"line":109,"column":47}}]},"18":{"loc":{"start":{"line":110,"column":31},"end":{"line":110,"column":89}},"type":"cond-expr","locations":[{"start":{"line":110,"column":55},"end":{"line":110,"column":84}},{"start":{"line":110,"column":87},"end":{"line":110,"column":89}}]},"19":{"loc":{"start":{"line":131,"column":4},"end":{"line":133,"column":5}},"type":"if","locations":[{"start":{"line":131,"column":4},"end":{"line":133,"column":5}},{"start":{},"end":{}}]},"20":{"loc":{"start":{"line":140,"column":16},"end":{"line":140,"column":51}},"type":"cond-expr","locations":[{"start":{"line":140,"column":25},"end":{"line":140,"column":39}},{"start":{"line":140,"column":42},"end":{"line":140,"column":51}}]},"21":{"loc":{"start":{"line":143,"column":27},"end":{"line":143,"column":84}},"type":"cond-expr","locations":[{"start":{"line":143,"column":47},"end":{"line":143,"column":72}},{"start":{"line":143,"column":75},"end":{"line":143,"column":84}}]}},"s":{"0":1,"1":1,"2":1,"3":1,"4":1,"5":1,"6":1,"7":23,"8":23,"9":23,"10":23,"11":23,"12":1,"13":0,"14":1,"15":1,"16":2,"17":2,"18":2,"19":2,"20":2,"21":1,"22":1,"23":1,"24":0,"25":1,"26":1,"27":1,"28":1,"29":1,"30":1,"31":1,"32":0,"33":1,"34":1,"35":1,"36":0,"37":1,"38":1,"39":2,"40":2,"41":2,"42":2,"43":1,"44":1,"45":1,"46":1,"47":1,"48":1,"49":1,"50":1,"51":1,"52":0,"53":1,"54":0,"55":1,"56":1,"57":1,"58":1,"59":1,"60":1,"61":1,"62":1,"63":0,"64":1,"65":1,"66":0,"67":1,"68":1,"69":1,"70":1,"71":1,"72":1,"73":1,"74":1,"75":1,"76":1,"77":1,"78":1,"79":1,"80":0,"81":1},"f":{"0":1,"1":1,"2":23,"3":23,"4":2,"5":2,"6":1,"7":1,"8":2,"9":2,"10":1,"11":1,"12":1,"13":1},"b":{"0":[23,0],"1":[23,23],"2":[1,1],"3":[1],"4":[1],"5":[0],"6":[0],"7":[0],"8":[0,1],"9":[1,0],"10":[1,1],"11":[2,2],"12":[1,0],"13":[1,0,0],"14":[1,1],"15":[0,1],"16":[1,0],"17":[1,0],"18":[1,0],"19":[0,1],"20":[0,1],"21":[1,0]}}
,"C:\\Users\\hp\\Downloads\\autoflow-v2-updated\\autoflow\\server\\src\\routes\\notificationRoutes.ts": {"path":"C:\\Users\\hp\\Downloads\\autoflow-v2-updated\\autoflow\\server\\src\\routes\\notificationRoutes.ts","statementMap":{"0":{"start":{"line":1,"column":0},"end":{"line":1,"column":33}},"1":{"start":{"line":2,"column":0},"end":{"line":2,"column":null}},"2":{"start":{"line":11,"column":15},"end":{"line":11,"column":23}},"3":{"start":{"line":13,"column":0},"end":{"line":13,"column":66}},"4":{"start":{"line":14,"column":0},"end":{"line":14,"column":63}},"5":{"start":{"line":15,"column":0},"end":{"line":15,"column":65}},"6":{"start":{"line":16,"column":0},"end":{"line":16,"column":57}},"7":{"start":{"line":17,"column":0},"end":{"line":17,"column":60}},"8":{"start":{"line":18,"column":0},"end":{"line":18,"column":65}},"9":{"start":{"line":20,"column":0},"end":{"line":20,"column":22}}},"fnMap":{},"branchMap":{},"s":{"0":1,"1":1,"2":1,"3":1,"4":1,"5":1,"6":1,"7":1,"8":1,"9":1},"f":{},"b":{}}
,"C:\\Users\\hp\\Downloads\\autoflow-v2-updated\\autoflow\\server\\src\\routes\\projectRoutes.ts": {"path":"C:\\Users\\hp\\Downloads\\autoflow-v2-updated\\autoflow\\server\\src\\routes\\projectRoutes.ts","statementMap":{"0":{"start":{"line":1,"column":0},"end":{"line":1,"column":33}},"1":{"start":{"line":2,"column":0},"end":{"line":2,"column":null}},"2":{"start":{"line":10,"column":15},"end":{"line":10,"column":23}},"3":{"start":{"line":12,"column":0},"end":{"line":12,"column":35}},"4":{"start":{"line":13,"column":0},"end":{"line":13,"column":34}},"5":{"start":{"line":14,"column":0},"end":{"line":14,"column":37}},"6":{"start":{"line":15,"column":0},"end":{"line":15,"column":37}},"7":{"start":{"line":16,"column":0},"end":{"line":16,"column":37}},"8":{"start":{"line":18,"column":0},"end":{"line":18,"column":22}}},"fnMap":{},"branchMap":{},"s":{"0":1,"1":1,"2":1,"3":1,"4":1,"5":1,"6":1,"7":1,"8":1},"f":{},"b":{}}
,"C:\\Users\\hp\\Downloads\\autoflow-v2-updated\\autoflow\\server\\src\\routes\\searchRoutes.ts": {"path":"C:\\Users\\hp\\Downloads\\autoflow-v2-updated\\autoflow\\server\\src\\routes\\searchRoutes.ts","statementMap":{"0":{"start":{"line":1,"column":0},"end":{"line":1,"column":33}},"1":{"start":{"line":2,"column":0},"end":{"line":2,"column":57}},"2":{"start":{"line":4,"column":15},"end":{"line":4,"column":23}},"3":{"start":{"line":6,"column":0},"end":{"line":6,"column":24}},"4":{"start":{"line":8,"column":0},"end":{"line":8,"column":22}}},"fnMap":{},"branchMap":{},"s":{"0":1,"1":1,"2":1,"3":1,"4":1},"f":{},"b":{}}
,"C:\\Users\\hp\\Downloads\\autoflow-v2-updated\\autoflow\\server\\src\\routes\\taskRoutes.ts": {"path":"C:\\Users\\hp\\Downloads\\autoflow-v2-updated\\autoflow\\server\\src\\routes\\taskRoutes.ts","statementMap":{"0":{"start":{"line":1,"column":0},"end":{"line":1,"column":33}},"1":{"start":{"line":2,"column":0},"end":{"line":2,"column":null}},"2":{"start":{"line":14,"column":15},"end":{"line":14,"column":23}},"3":{"start":{"line":16,"column":0},"end":{"line":16,"column":44}},"4":{"start":{"line":17,"column":0},"end":{"line":17,"column":47}},"5":{"start":{"line":18,"column":0},"end":{"line":18,"column":46}},"6":{"start":{"line":19,"column":0},"end":{"line":19,"column":47}},"7":{"start":{"line":20,"column":0},"end":{"line":20,"column":48}},"8":{"start":{"line":21,"column":0},"end":{"line":21,"column":46}},"9":{"start":{"line":22,"column":0},"end":{"line":22,"column":52}},"10":{"start":{"line":23,"column":0},"end":{"line":23,"column":46}},"11":{"start":{"line":24,"column":0},"end":{"line":24,"column":48}},"12":{"start":{"line":26,"column":0},"end":{"line":26,"column":22}}},"fnMap":{},"branchMap":{},"s":{"0":1,"1":1,"2":1,"3":1,"4":1,"5":1,"6":1,"7":1,"8":1,"9":1,"10":1,"11":1,"12":1},"f":{},"b":{}}
,"C:\\Users\\hp\\Downloads\\autoflow-v2-updated\\autoflow\\server\\src\\routes\\teamRoutes.ts": {"path":"C:\\Users\\hp\\Downloads\\autoflow-v2-updated\\autoflow\\server\\src\\routes\\teamRoutes.ts","statementMap":{"0":{"start":{"line":1,"column":0},"end":{"line":1,"column":33}},"1":{"start":{"line":2,"column":0},"end":{"line":2,"column":null}},"2":{"start":{"line":9,"column":15},"end":{"line":9,"column":23}},"3":{"start":{"line":11,"column":0},"end":{"line":11,"column":36}},"4":{"start":{"line":12,"column":0},"end":{"line":12,"column":38}},"5":{"start":{"line":13,"column":0},"end":{"line":13,"column":38}},"6":{"start":{"line":14,"column":0},"end":{"line":14,"column":38}},"7":{"start":{"line":16,"column":0},"end":{"line":16,"column":22}}},"fnMap":{},"branchMap":{},"s":{"0":1,"1":1,"2":1,"3":1,"4":1,"5":1,"6":1,"7":1},"f":{},"b":{}}
,"C:\\Users\\hp\\Downloads\\autoflow-v2-updated\\autoflow\\server\\src\\routes\\userRoutes.ts": {"path":"C:\\Users\\hp\\Downloads\\autoflow-v2-updated\\autoflow\\server\\src\\routes\\userRoutes.ts","statementMap":{"0":{"start":{"line":1,"column":0},"end":{"line":1,"column":33}},"1":{"start":{"line":2,"column":0},"end":{"line":2,"column":28}},"2":{"start":{"line":3,"column":0},"end":{"line":3,"column":24}},"3":{"start":{"line":4,"column":0},"end":{"line":4,"column":null}},"4":{"start":{"line":13,"column":16},"end":{"line":21,"column":2}},"5":{"start":{"line":15,"column":4},"end":{"line":15,"column":52}},"6":{"start":{"line":18,"column":25},"end":{"line":18,"column":75}},"7":{"start":{"line":19,"column":4},"end":{"line":19,"column":61}},"8":{"start":{"line":23,"column":15},"end":{"line":33,"column":2}},"9":{"start":{"line":27,"column":20},"end":{"line":27,"column":43}},"10":{"start":{"line":28,"column":20},"end":{"line":28,"column":79}},"11":{"start":{"line":29,"column":21},"end":{"line":29,"column":48}},"12":{"start":{"line":30,"column":4},"end":{"line":31,"column":51}},"13":{"start":{"line":30,"column":29},"end":{"line":30,"column":44}},"14":{"start":{"line":31,"column":9},"end":{"line":31,"column":51}},"15":{"start":{"line":35,"column":15},"end":{"line":35,"column":23}},"16":{"start":{"line":37,"column":0},"end":{"line":37,"column":45}},"17":{"start":{"line":38,"column":0},"end":{"line":38,"column":78}},"18":{"start":{"line":39,"column":0},"end":{"line":39,"column":55}},"19":{"start":{"line":40,"column":0},"end":{"line":40,"column":44}},"20":{"start":{"line":41,"column":0},"end":{"line":41,"column":80}},"21":{"start":{"line":42,"column":0},"end":{"line":42,"column":47}},"22":{"start":{"line":44,"column":0},"end":{"line":44,"column":22}}},"fnMap":{"0":{"name":"(anonymous_1)","decl":{"start":{"line":14,"column":15},"end":{"line":14,"column":16}},"loc":{"start":{"line":14,"column":33},"end":{"line":16,"column":3}}},"1":{"name":"(anonymous_2)","decl":{"start":{"line":17,"column":12},"end":{"line":17,"column":13}},"loc":{"start":{"line":17,"column":30},"end":{"line":20,"column":3}}},"2":{"name":"(anonymous_3)","decl":{"start":{"line":26,"column":14},"end":{"line":26,"column":15}},"loc":{"start":{"line":26,"column":32},"end":{"line":32,"column":3}}}},"branchMap":{"0":{"loc":{"start":{"line":30,"column":4},"end":{"line":31,"column":51}},"type":"if","locations":[{"start":{"line":30,"column":4},"end":{"line":31,"column":51}},{"start":{"line":31,"column":9},"end":{"line":31,"column":51}}]},"1":{"loc":{"start":{"line":30,"column":8},"end":{"line":30,"column":27}},"type":"binary-expr","locations":[{"start":{"line":30,"column":8},"end":{"line":30,"column":15}},{"start":{"line":30,"column":19},"end":{"line":30,"column":27}}]}},"s":{"0":1,"1":1,"2":1,"3":1,"4":1,"5":0,"6":0,"7":0,"8":1,"9":0,"10":0,"11":0,"12":0,"13":0,"14":0,"15":1,"16":1,"17":1,"18":1,"19":1,"20":1,"21":1,"22":1},"f":{"0":0,"1":0,"2":0},"b":{"0":[0,0],"1":[0,0]}}
}
