TN:
SF:src\app.ts
FN:35,(anonymous_1)
FNF:1
FNH:0
FNDA:0,(anonymous_1)
DA:1,1
DA:2,1
DA:3,1
DA:4,1
DA:5,1
DA:6,1
DA:7,1
DA:8,1
DA:11,1
DA:12,1
DA:13,1
DA:14,1
DA:15,1
DA:16,1
DA:18,1
DA:20,1
DA:21,1
DA:22,1
DA:23,1
DA:24,1
DA:25,1
DA:26,1
DA:28,1
DA:29,1
DA:30,1
DA:32,1
DA:33,1
DA:35,1
DA:37,1
DA:38,1
DA:39,1
DA:40,1
DA:41,1
DA:42,1
DA:44,1
LF:35
LH:35
BRDA:29,0,0,0
BRDA:29,0,1,1
BRF:2
BRH:1
end_of_record
TN:
SF:src\controllers\notificationController.ts
FN:7,(anonymous_7)
FN:7,(anonymous_8)
FN:22,(anonymous_9)
FN:22,(anonymous_10)
FN:36,(anonymous_11)
FN:36,(anonymous_12)
FN:50,(anonymous_13)
FN:50,(anonymous_14)
FN:64,(anonymous_15)
FN:64,(anonymous_16)
FN:77,(anonymous_17)
FN:77,(anonymous_18)
FNF:12
FNH:12
FNDA:1,(anonymous_7)
FNDA:1,(anonymous_8)
FNDA:1,(anonymous_9)
FNDA:1,(anonymous_10)
FNDA:1,(anonymous_11)
FNDA:1,(anonymous_12)
FNDA:1,(anonymous_13)
FNDA:1,(anonymous_14)
FNDA:1,(anonymous_15)
FNDA:1,(anonymous_16)
FNDA:1,(anonymous_17)
FNDA:1,(anonymous_18)
DA:2,1
DA:4,1
DA:7,1
DA:8,1
DA:9,1
DA:10,1
DA:15,1
DA:17,0
DA:22,1
DA:23,1
DA:24,1
DA:29,1
DA:31,0
DA:36,1
DA:37,1
DA:38,1
DA:39,1
DA:43,1
DA:45,0
DA:50,1
DA:51,1
DA:52,1
DA:53,1
DA:57,1
DA:59,0
DA:64,1
DA:65,1
DA:66,1
DA:67,1
DA:70,1
DA:72,0
DA:77,1
DA:78,1
DA:79,1
DA:80,1
DA:81,1
DA:83,0
LF:37
LH:31
BRDA:68,0,0,1
BRDA:68,0,1,0
BRF:2
BRH:1
end_of_record
TN:
SF:src\controllers\projectController.ts
FN:7,(anonymous_7)
FN:7,(anonymous_8)
FN:17,(anonymous_9)
FN:17,(anonymous_10)
FN:35,(anonymous_11)
FN:35,(anonymous_12)
FN:55,(anonymous_13)
FN:55,(anonymous_14)
FN:77,(anonymous_15)
FN:77,(anonymous_16)
FNF:10
FNH:10
FNDA:1,(anonymous_7)
FNDA:1,(anonymous_8)
FNDA:2,(anonymous_9)
FNDA:2,(anonymous_10)
FNDA:1,(anonymous_11)
FNDA:1,(anonymous_12)
FNDA:1,(anonymous_13)
FNDA:1,(anonymous_14)
FNDA:1,(anonymous_15)
FNDA:1,(anonymous_16)
DA:2,1
DA:4,1
DA:7,1
DA:8,1
DA:9,1
DA:10,1
DA:12,0
DA:17,2
DA:18,2
DA:19,2
DA:20,2
DA:24,2
DA:25,1
DA:26,1
DA:28,1
DA:30,0
DA:35,1
DA:36,1
DA:37,1
DA:38,1
DA:48,1
DA:50,0
DA:55,1
DA:56,1
DA:57,1
DA:58,1
DA:59,1
DA:70,1
DA:72,0
DA:77,1
DA:78,1
DA:79,1
DA:80,1
DA:81,1
DA:82,1
DA:83,0
DA:84,0
DA:85,0
DA:87,1
DA:88,1
DA:89,1
DA:90,1
DA:92,0
LF:43
LH:35
BRDA:24,0,0,1
BRDA:24,0,1,1
BRDA:44,1,0,1
BRDA:44,1,1,0
BRDA:45,2,0,1
BRDA:45,2,1,0
BRDA:66,3,0,0
BRDA:66,3,1,1
BRDA:67,4,0,0
BRDA:67,4,1,1
BRF:10
BRH:6
end_of_record
TN:
SF:src\controllers\searchController.ts
FN:6,(anonymous_7)
FN:6,(anonymous_8)
FNF:2
FNH:2
FNDA:4,(anonymous_7)
FNDA:4,(anonymous_8)
DA:2,1
DA:4,1
DA:6,4
DA:7,4
DA:8,4
DA:9,4
DA:18,4
DA:27,4
DA:32,4
DA:34,0
LF:10
LH:9
BRF:0
BRH:0
end_of_record
TN:
SF:src\controllers\taskController.ts
FN:17,triggerN8nNotification
FN:37,calculateUserWorkload
FN:46,(anonymous_12)
FN:47,(anonymous_13)
FN:47,(anonymous_14)
FN:48,(anonymous_15)
FN:49,(anonymous_16)
FN:53,(anonymous_17)
FN:54,(anonymous_18)
FN:56,(anonymous_19)
FN:68,(anonymous_20)
FN:88,(anonymous_21)
FN:95,extractFeatures
FN:96,(anonymous_23)
FN:97,(anonymous_24)
FN:101,(anonymous_25)
FN:115,getOpenTaskCounts
FN:122,(anonymous_28)
FN:128,trainDelegationModel
FN:158,(anonymous_31)
FN:165,(anonymous_32)
FN:183,scoreUserForTask
FN:199,(anonymous_35)
FN:199,(anonymous_36)
FN:222,(anonymous_37)
FN:222,(anonymous_38)
FN:239,(anonymous_39)
FN:239,(anonymous_40)
FN:277,(anonymous_41)
FN:277,(anonymous_42)
FN:316,(anonymous_43)
FN:316,(anonymous_44)
FN:331,(anonymous_45)
FN:331,(anonymous_46)
FN:346,(anonymous_47)
FN:346,(anonymous_48)
FN:365,(anonymous_49)
FN:365,(anonymous_50)
FN:369,(anonymous_51)
FN:369,(anonymous_52)
FN:382,(anonymous_53)
FN:382,(anonymous_54)
FN:404,(anonymous_55)
FN:409,(anonymous_56)
FN:409,(anonymous_57)
FN:414,(anonymous_58)
FN:451,(anonymous_59)
FN:460,(anonymous_60)
FN:460,(anonymous_61)
FNF:49
FNH:49
FNDA:2,triggerN8nNotification
FNDA:23,calculateUserWorkload
FNDA:1,(anonymous_12)
FNDA:3,(anonymous_13)
FNDA:12,(anonymous_14)
FNDA:4,(anonymous_15)
FNDA:4,(anonymous_16)
FNDA:3360115,(anonymous_17)
FNDA:3360000,(anonymous_18)
FNDA:672023,(anonymous_19)
FNDA:1,(anonymous_20)
FNDA:23,(anonymous_21)
FNDA:159,extractFeatures
FNDA:669,(anonymous_23)
FNDA:399,(anonymous_24)
FNDA:399,(anonymous_25)
FNDA:1,getOpenTaskCounts
FNDA:19,(anonymous_28)
FNDA:1,trainDelegationModel
FNDA:460,(anonymous_31)
FNDA:714,(anonymous_32)
FNDA:23,scoreUserForTask
FNDA:2,(anonymous_35)
FNDA:2,(anonymous_36)
FNDA:1,(anonymous_37)
FNDA:1,(anonymous_38)
FNDA:1,(anonymous_39)
FNDA:1,(anonymous_40)
FNDA:2,(anonymous_41)
FNDA:2,(anonymous_42)
FNDA:1,(anonymous_43)
FNDA:1,(anonymous_44)
FNDA:1,(anonymous_45)
FNDA:1,(anonymous_46)
FNDA:1,(anonymous_47)
FNDA:1,(anonymous_48)
FNDA:1,(anonymous_49)
FNDA:1,(anonymous_50)
FNDA:23,(anonymous_51)
FNDA:23,(anonymous_52)
FNDA:1,(anonymous_53)
FNDA:1,(anonymous_54)
FNDA:20,(anonymous_55)
FNDA:23,(anonymous_56)
FNDA:23,(anonymous_57)
FNDA:74,(anonymous_58)
FNDA:1,(anonymous_59)
FNDA:1,(anonymous_60)
FNDA:1,(anonymous_61)
DA:2,1
DA:3,1
DA:5,1
DA:8,1
DA:18,2
DA:19,2
DA:20,2
DA:21,2
DA:22,2
DA:23,2
DA:30,2
DA:31,2
DA:32,2
DA:37,1
DA:38,23
DA:39,23
DA:40,23
DA:41,23
DA:42,23
DA:47,12
DA:48,4
DA:49,4
DA:50,1
DA:51,1
DA:53,3360115
DA:54,3360000
DA:57,672023
DA:58,672023
DA:59,2688092
DA:60,8064276
DA:61,2688092
DA:63,672023
DA:64,2688092
DA:65,672023
DA:69,1
DA:70,2000
DA:71,672000
DA:72,672000
DA:73,672000
DA:74,672000
DA:75,2688000
DA:77,2688000
DA:78,672000
DA:80,672000
DA:81,8064000
DA:83,2688000
DA:88,23
DA:91,1
DA:92,1
DA:96,669
DA:97,399
DA:99,159
DA:100,159
DA:101,399
DA:102,159
DA:105,159
DA:106,159
DA:107,159
DA:108,159
DA:110,159
DA:112,159
DA:116,1
DA:121,1
DA:122,1
DA:123,19
DA:125,1
DA:128,1
DA:129,1
DA:130,1
DA:131,1
DA:133,1
DA:134,1
DA:138,1
DA:141,1
DA:142,200
DA:143,200
DA:144,200
DA:145,200
DA:146,200
DA:153,1
DA:154,1
DA:155,34
DA:158,460
DA:159,34
DA:160,34
DA:161,34
DA:165,714
DA:166,34
DA:167,102
DA:168,102
DA:172,1
DA:173,1
DA:175,1
DA:176,1
DA:177,1
DA:181,1
DA:188,23
DA:190,0
DA:191,0
DA:194,23
DA:195,23
DA:199,2
DA:200,2
DA:201,2
DA:202,2
DA:203,2
DA:204,2
DA:215,2
DA:217,0
DA:222,1
DA:223,1
DA:224,1
DA:232,1
DA:234,0
DA:239,1
DA:243,1
DA:244,1
DA:245,1
DA:258,1
DA:259,1
DA:267,1
DA:270,1
DA:272,0
DA:277,2
DA:278,2
DA:282,2
DA:283,2
DA:284,2
DA:298,2
DA:299,1
DA:309,2
DA:311,0
DA:316,1
DA:317,1
DA:318,1
DA:319,1
DA:320,1
DA:324,1
DA:326,0
DA:331,1
DA:332,1
DA:333,1
DA:334,1
DA:335,1
DA:336,1
DA:337,1
DA:338,1
DA:339,1
DA:341,0
DA:346,1
DA:347,1
DA:348,1
DA:349,1
DA:358,1
DA:360,0
DA:365,1
DA:366,1
DA:367,1
DA:368,1
DA:369,23
DA:375,1
DA:377,0
DA:382,1
DA:383,1
DA:384,1
DA:385,1
DA:386,1
DA:387,1
DA:388,0
DA:389,0
DA:392,1
DA:393,1
DA:394,0
DA:395,0
DA:398,1
DA:403,1
DA:404,1
DA:405,20
DA:408,1
DA:409,23
DA:414,74
DA:416,1
DA:417,1
DA:419,1
DA:425,1
DA:426,0
DA:427,0
DA:428,0
DA:431,0
DA:441,1
DA:451,1
DA:453,1
DA:460,1
DA:462,0
LF:194
LH:175
BRDA:20,0,0,0
BRDA:20,0,1,2
BRDA:25,1,0,2
BRDA:25,1,1,0
BRDA:40,2,0,23
BRDA:40,2,1,0
BRDA:40,3,0,23
BRDA:40,3,1,23
BRDA:40,4,0,0
BRDA:40,4,1,23
BRDA:40,5,0,23
BRDA:40,5,1,23
BRDA:96,6,0,159
BRDA:96,6,1,0
BRDA:97,7,0,159
BRDA:97,7,1,0
BRDA:100,8,0,159
BRDA:100,8,1,0
BRDA:100,9,0,159
BRDA:100,9,1,159
BRDA:105,10,0,159
BRDA:105,10,1,0
BRDA:105,11,0,159
BRDA:105,11,1,159
BRDA:106,12,0,122
BRDA:106,12,1,37
BRDA:106,13,0,159
BRDA:106,13,1,159
BRDA:110,14,0,159
BRDA:110,14,1,0
BRDA:110,15,0,159
BRDA:110,15,1,159
BRDA:110,16,0,159
BRDA:110,16,1,0
BRDA:110,17,0,159
BRDA:110,17,1,159
BRDA:123,18,0,19
BRDA:123,18,1,0
BRDA:129,19,0,0
BRDA:129,19,1,1
BRDA:155,20,0,0
BRDA:155,20,1,34
BRDA:159,21,0,34
BRDA:159,21,1,0
BRDA:188,22,0,0
BRDA:188,22,1,23
BRDA:203,23,0,1
BRDA:203,23,1,1
BRDA:248,24,0,0
BRDA:248,24,1,1
BRDA:249,25,0,0
BRDA:249,25,1,1
BRDA:251,26,0,1
BRDA:251,26,1,0
BRDA:251,27,0,1
BRDA:251,27,1,1
BRDA:252,28,0,0
BRDA:252,28,1,1
BRDA:252,29,0,1
BRDA:252,29,1,1
BRDA:258,30,0,1
BRDA:258,30,1,0
BRDA:288,31,0,0
BRDA:288,31,1,2
BRDA:289,32,0,0
BRDA:289,32,1,2
BRDA:291,33,0,1
BRDA:291,33,1,1
BRDA:291,34,0,2
BRDA:291,34,1,2
BRDA:292,35,0,0
BRDA:292,35,1,2
BRDA:292,36,0,2
BRDA:292,36,1,2
BRDA:298,37,0,1
BRDA:298,37,1,1
BRDA:298,38,0,2
BRDA:298,38,1,2
BRDA:384,39,0,0
BRDA:387,40,0,0
BRDA:387,40,1,1
BRDA:393,41,0,0
BRDA:393,41,1,1
BRDA:405,42,0,20
BRDA:405,42,1,0
BRDA:425,43,0,0
BRDA:425,43,1,1
BRDA:456,44,0,1
BRDA:456,44,1,0
BRDA:457,45,0,1
BRDA:457,45,1,0
BRF:91
BRH:61
end_of_record
TN:
SF:src\controllers\teamController.ts
FN:7,(anonymous_7)
FN:7,(anonymous_8)
FN:12,(anonymous_9)
FN:12,(anonymous_10)
FN:42,(anonymous_11)
FN:42,(anonymous_12)
FN:59,(anonymous_13)
FN:59,(anonymous_14)
FN:78,(anonymous_15)
FN:78,(anonymous_16)
FNF:10
FNH:10
FNDA:1,(anonymous_7)
FNDA:1,(anonymous_8)
FNDA:6,(anonymous_9)
FNDA:6,(anonymous_10)
FNDA:2,(anonymous_11)
FNDA:2,(anonymous_12)
FNDA:1,(anonymous_13)
FNDA:1,(anonymous_14)
FNDA:1,(anonymous_15)
FNDA:1,(anonymous_16)
DA:2,1
DA:4,1
DA:7,1
DA:8,1
DA:9,1
DA:11,1
DA:12,6
DA:13,6
DA:20,6
DA:27,6
DA:35,1
DA:37,0
DA:42,2
DA:43,2
DA:44,2
DA:45,2
DA:52,2
DA:54,0
DA:59,1
DA:60,1
DA:61,1
DA:62,1
DA:63,1
DA:71,1
DA:73,0
DA:78,1
DA:79,1
DA:80,1
DA:81,1
DA:83,1
DA:84,1
DA:85,1
DA:86,1
DA:88,0
LF:34
LH:30
BRDA:13,0,0,0
BRDA:13,0,1,6
BRDA:20,1,0,0
BRDA:20,1,1,6
BRDA:29,2,0,6
BRDA:29,2,1,0
BRDA:29,3,0,6
BRDA:29,3,1,0
BRDA:30,4,0,6
BRDA:30,4,1,0
BRDA:30,5,0,6
BRDA:30,5,1,0
BRDA:48,6,0,1
BRDA:48,6,1,1
BRDA:49,7,0,1
BRDA:49,7,1,1
BRDA:67,8,0,1
BRDA:67,8,1,0
BRDA:68,9,0,0
BRDA:68,9,1,1
BRF:20
BRH:12
end_of_record
TN:
SF:src\controllers\userController.ts
FN:9,(anonymous_7)
FN:9,(anonymous_8)
FN:17,(anonymous_9)
FN:17,(anonymous_10)
FN:34,(anonymous_11)
FN:34,(anonymous_12)
FN:49,(anonymous_13)
FN:49,(anonymous_14)
FN:88,(anonymous_15)
FN:88,(anonymous_16)
FN:126,(anonymous_17)
FN:126,(anonymous_18)
FN:153,(anonymous_19)
FN:153,(anonymous_20)
FNF:14
FNH:14
FNDA:1,(anonymous_7)
FNDA:1,(anonymous_8)
FNDA:23,(anonymous_9)
FNDA:23,(anonymous_10)
FNDA:2,(anonymous_11)
FNDA:2,(anonymous_12)
FNDA:1,(anonymous_13)
FNDA:1,(anonymous_14)
FNDA:2,(anonymous_15)
FNDA:2,(anonymous_16)
FNDA:1,(anonymous_17)
FNDA:1,(anonymous_18)
FNDA:1,(anonymous_19)
FNDA:1,(anonymous_20)
DA:2,1
DA:6,1
DA:9,1
DA:10,1
DA:11,1
DA:16,1
DA:17,23
DA:18,23
DA:21,23
DA:22,23
DA:23,23
DA:27,1
DA:29,0
DA:34,2
DA:35,2
DA:36,2
DA:37,2
DA:38,2
DA:39,1
DA:40,1
DA:42,1
DA:44,0
DA:49,1
DA:50,1
DA:59,1
DA:62,1
DA:63,1
DA:64,0
DA:67,1
DA:72,1
DA:81,1
DA:83,0
DA:88,2
DA:89,2
DA:90,2
DA:91,2
DA:92,1
DA:93,1
DA:96,1
DA:97,1
DA:99,1
DA:100,1
DA:101,1
DA:102,1
DA:113,1
DA:115,0
DA:119,1
DA:121,0
DA:126,1
DA:127,1
DA:128,1
DA:129,1
DA:130,1
DA:131,1
DA:132,0
DA:135,1
DA:146,1
DA:148,0
DA:153,1
DA:154,1
DA:155,1
DA:156,1
DA:157,1
DA:161,1
DA:162,1
DA:163,1
DA:164,1
DA:165,1
DA:166,1
DA:168,0
LF:70
LH:61
BRDA:21,0,0,23
BRDA:21,0,1,0
BRDA:21,1,0,23
BRDA:21,1,1,23
BRDA:38,2,0,1
BRDA:38,2,1,1
BRDA:54,3,0,1
BRDA:55,4,0,1
BRDA:56,5,0,0
BRDA:57,6,0,0
BRDA:58,7,0,0
BRDA:63,8,0,0
BRDA:63,8,1,1
BRDA:68,9,0,1
BRDA:68,9,1,0
BRDA:91,10,0,1
BRDA:91,10,1,1
BRDA:91,11,0,2
BRDA:91,11,1,2
BRDA:101,12,0,1
BRDA:101,12,1,0
BRDA:104,13,0,1
BRDA:104,13,1,0
BRDA:104,13,2,0
BRDA:106,14,0,1
BRDA:106,14,1,1
BRDA:107,15,0,0
BRDA:107,15,1,1
BRDA:108,16,0,1
BRDA:108,16,1,0
BRDA:109,17,0,1
BRDA:109,17,1,0
BRDA:110,18,0,1
BRDA:110,18,1,0
BRDA:131,19,0,0
BRDA:131,19,1,1
BRDA:140,20,0,0
BRDA:140,20,1,1
BRDA:143,21,0,1
BRDA:143,21,1,0
BRF:40
BRH:24
end_of_record
TN:
SF:src\routes\notificationRoutes.ts
FNF:0
FNH:0
DA:1,1
DA:2,1
DA:11,1
DA:13,1
DA:14,1
DA:15,1
DA:16,1
DA:17,1
DA:18,1
DA:20,1
LF:10
LH:10
BRF:0
BRH:0
end_of_record
TN:
SF:src\routes\projectRoutes.ts
FNF:0
FNH:0
DA:1,1
DA:2,1
DA:10,1
DA:12,1
DA:13,1
DA:14,1
DA:15,1
DA:16,1
DA:18,1
LF:9
LH:9
BRF:0
BRH:0
end_of_record
TN:
SF:src\routes\searchRoutes.ts
FNF:0
FNH:0
DA:1,1
DA:2,1
DA:4,1
DA:6,1
DA:8,1
LF:5
LH:5
BRF:0
BRH:0
end_of_record
TN:
SF:src\routes\taskRoutes.ts
FNF:0
FNH:0
DA:1,1
DA:2,1
DA:14,1
DA:16,1
DA:17,1
DA:18,1
DA:19,1
DA:20,1
DA:21,1
DA:22,1
DA:23,1
DA:24,1
DA:26,1
LF:13
LH:13
BRF:0
BRH:0
end_of_record
TN:
SF:src\routes\teamRoutes.ts
FNF:0
FNH:0
DA:1,1
DA:2,1
DA:9,1
DA:11,1
DA:12,1
DA:13,1
DA:14,1
DA:16,1
LF:8
LH:8
BRF:0
BRH:0
end_of_record
TN:
SF:src\routes\userRoutes.ts
FN:14,(anonymous_1)
FN:17,(anonymous_2)
FN:26,(anonymous_3)
FNF:3
FNH:0
FNDA:0,(anonymous_1)
FNDA:0,(anonymous_2)
FNDA:0,(anonymous_3)
DA:1,1
DA:2,1
DA:3,1
DA:4,1
DA:13,1
DA:15,0
DA:18,0
DA:19,0
DA:23,1
DA:27,0
DA:28,0
DA:29,0
DA:30,0
DA:31,0
DA:35,1
DA:37,1
DA:38,1
DA:39,1
DA:40,1
DA:41,1
DA:42,1
DA:44,1
LF:22
LH:14
BRDA:30,0,0,0
BRDA:30,0,1,0
BRDA:30,1,0,0
BRDA:30,1,1,0
BRF:4
BRH:0
end_of_record
